  Compiling CUDA source file kernel.cu...
  
  D:\Github_Blog\koyumi0601.github.io\_posts\Cuda\practice_036_cuda_dcmtk_opencv\CudaRuntime1\CudaRuntime1>"C:\Program Files\NVIDIA GPU Computing Toolkit\CUDA\v12.3\bin\nvcc.exe" -gencode=arch=compute_52,code=\"sm_52,compute_52\" --use-local-env -ccbin "C:\Program Files\Microsoft Visual Studio\2022\Professional\VC\Tools\MSVC\14.38.33130\bin\HostX64\x64" -x cu   -ID:\Github_Blog\Development_libraries\opencv\build\include -ID:\Github_Blog\Development_libraries\build\include -I"C:\Program Files\NVIDIA GPU Computing Toolkit\CUDA\v12.3\include" -I"C:\Users\koyum\vcpkg\installed\x64-windows\include" -I"C:\Program Files\NVIDIA GPU Computing Toolkit\CUDA\v12.3\include"  -G   --keep-dir x64\Debug  -maxrregcount=0   --machine 64 --compile -cudart static  -g  -DWIN32 -DWIN64 -D_DEBUG -D_CONSOLE -D_MBCS -Xcompiler "/EHsc /W3 /nologo /Od /FS /Zi /RTC1 /MDd " -Xcompiler "/Fdx64\Debug\vc143.pdb" -o D:\Github_Blog\koyumi0601.github.io\_posts\Cuda\practice_036_cuda_dcmtk_opencv\CudaRuntime1\CudaRuntime1\x64\Debug\kernel.cu.obj "D:\Github_Blog\koyumi0601.github.io\_posts\Cuda\practice_036_cuda_dcmtk_opencv\CudaRuntime1\CudaRuntime1\kernel.cu" 
D:\Github_Blog\Development_libraries\build\include\dcmtk/oflog/loglevel.h(191): warning #1394-D: field of class type without a DLL interface used in a class with a DLL interface
            LogLevelToStringMethodList toStringMethods;
                                       ^
  
  Remark: The warnings can be suppressed with "-diag-suppress <warning-number>"
  
D:\Github_Blog\Development_libraries\build\include\dcmtk/oflog/loglevel.h(194): warning #1394-D: field of class type without a DLL interface used in a class with a DLL interface
            StringToLogLevelMethodList fromStringMethods;
                                       ^
  
D:\Github_Blog\Development_libraries\build\include\dcmtk/oflog/layout.h(589): warning #1394-D: field of class type without a DLL interface used in a class with a DLL interface
            OFVector<pattern::PatternConverter*> parsedPattern;
                                                 ^
  
D:\Github_Blog\Development_libraries\build\include\dcmtk/oflog/spi/filter.h(137): warning #1394-D: field of class type without a DLL interface used in a class with a DLL interface
                FilterPtr next;
                          ^
  
D:\Github_Blog\Development_libraries\build\include\dcmtk/oflog/appender.h(227): warning #1394-D: field of class type without a DLL interface used in a class with a DLL interface
            OFunique_ptr<Layout> layout;
                                 ^
  
D:\Github_Blog\Development_libraries\build\include\dcmtk/oflog/appender.h(237): warning #1394-D: field of class type without a DLL interface used in a class with a DLL interface
            log4cplus::spi::FilterPtr filter;
                                      ^
  
D:\Github_Blog\Development_libraries\build\include\dcmtk/oflog/appender.h(240): warning #1394-D: field of class type without a DLL interface used in a class with a DLL interface
            OFunique_ptr<ErrorHandler> errorHandler;
                                       ^
  
D:\Github_Blog\Development_libraries\build\include\dcmtk/oflog/appender.h(243): warning #1394-D: field of class type without a DLL interface used in a class with a DLL interface
            OFunique_ptr<helpers::LockFile> lockFile;
                                            ^
  
D:\Github_Blog\Development_libraries\build\include\dcmtk/oflog/helpers/snprintf.h(54): warning #1394-D: field of class type without a DLL interface used in a class with a DLL interface
        OFVector<tchar> buf;
                        ^
  
D:\Github_Blog\Development_libraries\build\include\dcmtk/dcmdata/dchashdi.h(109): warning #1394-D: field of class type without a DLL interface used in a class with a DLL interface
        OFList<DcmDictEntry *> list_;
                               ^
  
D:\Github_Blog\Development_libraries\build\include\dcmtk/dcmdata/dchashdi.h(194): warning #1394-D: field of class type without a DLL interface used in a class with a DLL interface
        DcmDictEntryListIterator iter;
                                 ^
  
D:\Github_Blog\Development_libraries\build\include\dcmtk/dcmdata/dcpcache.h(113): warning #1394-D: field of class type without a DLL interface used in a class with a DLL interface
      OFList<DcmPrivateTagCacheEntry *> list_;
                                        ^
  
D:\Github_Blog\Development_libraries\build\include\dcmtk/dcmdata/dcpixel.h(152): warning #1394-D: field of class type without a DLL interface used in a class with a DLL interface
        DcmRepresentationList repList;
                              ^
  
D:\Github_Blog\Development_libraries\build\include\dcmtk/dcmdata/dcpixel.h(155): warning #1394-D: field of class type without a DLL interface used in a class with a DLL interface
        DcmRepresentationListIterator repListEnd;
                                      ^
  
D:\Github_Blog\Development_libraries\build\include\dcmtk/dcmdata/dcpixel.h(159): warning #1394-D: field of class type without a DLL interface used in a class with a DLL interface
        DcmRepresentationListIterator original;
                                      ^
  
D:\Github_Blog\Development_libraries\build\include\dcmtk/dcmdata/dcpixel.h(162): warning #1394-D: field of class type without a DLL interface used in a class with a DLL interface
        DcmRepresentationListIterator current;
                                      ^
  
D:\Github_Blog\Development_libraries\opencv\build\include\opencv2/stitching/detail/warpers.hpp(235): warning #611-D: overloaded virtual function "cv::detail::PlaneWarper::buildMaps" is only partially overridden in class "cv::detail::AffineWarper"
    class  AffineWarper : public PlaneWarper
           ^
  
D:\Github_Blog\Development_libraries\opencv\build\include\opencv2/stitching/detail/warpers.hpp(235): warning #611-D: overloaded virtual function "cv::detail::PlaneWarper::warp" is only partially overridden in class "cv::detail::AffineWarper"
    class  AffineWarper : public PlaneWarper
           ^
  
D:\Github_Blog\Development_libraries\opencv\build\include\opencv2/stitching/detail/matchers.hpp(182): warning #611-D: overloaded virtual function "cv::detail::FeaturesMatcher::match" is only partially overridden in class "cv::detail::BestOf2NearestMatcher"
    class  BestOf2NearestMatcher : public FeaturesMatcher
           ^
  
D:\Github_Blog\Development_libraries\opencv\build\include\opencv2/stitching/detail/matchers.hpp(236): warning #611-D: overloaded virtual function "cv::detail::FeaturesMatcher::match" is only partially overridden in class "cv::detail::AffineBestOf2NearestMatcher"
    class  AffineBestOf2NearestMatcher : public BestOf2NearestMatcher
           ^
  
D:\Github_Blog\Development_libraries\opencv\build\include\opencv2/stitching/detail/blenders.hpp(100): warning #611-D: overloaded virtual function "cv::detail::Blender::prepare" is only partially overridden in class "cv::detail::FeatherBlender"
    class  FeatherBlender : public Blender
           ^
  
D:\Github_Blog\Development_libraries\opencv\build\include\opencv2/stitching/detail/blenders.hpp(127): warning #611-D: overloaded virtual function "cv::detail::Blender::prepare" is only partially overridden in class "cv::detail::MultiBandBlender"
    class  MultiBandBlender : public Blender
           ^
  
D:\Github_Blog\koyumi0601.github.io\_posts\Cuda\practice_036_cuda_dcmtk_opencv\CudaRuntime1\CudaRuntime1\kernel.cu(467): warning #546-D: transfer of control bypasses initialization of:
              variable "threadsPerBlock" (declared at line 751)
              variable "numBlocks" (declared at line 752)
        goto Error;
        ^
  
D:\Github_Blog\koyumi0601.github.io\_posts\Cuda\practice_036_cuda_dcmtk_opencv\CudaRuntime1\CudaRuntime1\kernel.cu(474): warning #546-D: transfer of control bypasses initialization of:
              variable "threadsPerBlock" (declared at line 751)
              variable "numBlocks" (declared at line 752)
        goto Error;
        ^
  
D:\Github_Blog\koyumi0601.github.io\_posts\Cuda\practice_036_cuda_dcmtk_opencv\CudaRuntime1\CudaRuntime1\kernel.cu(480): warning #546-D: transfer of control bypasses initialization of:
              variable "threadsPerBlock" (declared at line 751)
              variable "numBlocks" (declared at line 752)
        goto Error;
        ^
  
D:\Github_Blog\koyumi0601.github.io\_posts\Cuda\practice_036_cuda_dcmtk_opencv\CudaRuntime1\CudaRuntime1\kernel.cu(485): warning #546-D: transfer of control bypasses initialization of:
              variable "threadsPerBlock" (declared at line 751)
              variable "numBlocks" (declared at line 752)
        goto Error;
        ^
  
D:\Github_Blog\koyumi0601.github.io\_posts\Cuda\practice_036_cuda_dcmtk_opencv\CudaRuntime1\CudaRuntime1\kernel.cu(490): warning #546-D: transfer of control bypasses initialization of:
              variable "threadsPerBlock" (declared at line 751)
              variable "numBlocks" (declared at line 752)
        goto Error;
        ^
  
D:\Github_Blog\koyumi0601.github.io\_posts\Cuda\practice_036_cuda_dcmtk_opencv\CudaRuntime1\CudaRuntime1\kernel.cu(495): warning #546-D: transfer of control bypasses initialization of:
              variable "threadsPerBlock" (declared at line 751)
              variable "numBlocks" (declared at line 752)
        goto Error;
        ^
  
D:\Github_Blog\koyumi0601.github.io\_posts\Cuda\practice_036_cuda_dcmtk_opencv\CudaRuntime1\CudaRuntime1\kernel.cu(500): warning #546-D: transfer of control bypasses initialization of:
              variable "threadsPerBlock" (declared at line 751)
              variable "numBlocks" (declared at line 752)
        goto Error;
        ^
  
D:\Github_Blog\koyumi0601.github.io\_posts\Cuda\practice_036_cuda_dcmtk_opencv\CudaRuntime1\CudaRuntime1\kernel.cu(505): warning #546-D: transfer of control bypasses initialization of:
              variable "threadsPerBlock" (declared at line 751)
              variable "numBlocks" (declared at line 752)
        goto Error;
        ^
  
D:\Github_Blog\koyumi0601.github.io\_posts\Cuda\practice_036_cuda_dcmtk_opencv\CudaRuntime1\CudaRuntime1\kernel.cu(510): warning #546-D: transfer of control bypasses initialization of:
              variable "threadsPerBlock" (declared at line 751)
              variable "numBlocks" (declared at line 752)
        goto Error;
        ^
  
D:\Github_Blog\koyumi0601.github.io\_posts\Cuda\practice_036_cuda_dcmtk_opencv\CudaRuntime1\CudaRuntime1\kernel.cu(515): warning #546-D: transfer of control bypasses initialization of:
              variable "threadsPerBlock" (declared at line 751)
              variable "numBlocks" (declared at line 752)
        goto Error;
        ^
  
D:\Github_Blog\koyumi0601.github.io\_posts\Cuda\practice_036_cuda_dcmtk_opencv\CudaRuntime1\CudaRuntime1\kernel.cu(520): warning #546-D: transfer of control bypasses initialization of:
              variable "threadsPerBlock" (declared at line 751)
              variable "numBlocks" (declared at line 752)
        goto Error;
        ^
  
D:\Github_Blog\koyumi0601.github.io\_posts\Cuda\practice_036_cuda_dcmtk_opencv\CudaRuntime1\CudaRuntime1\kernel.cu(525): warning #546-D: transfer of control bypasses initialization of:
              variable "threadsPerBlock" (declared at line 751)
              variable "numBlocks" (declared at line 752)
        goto Error;
        ^
  
D:\Github_Blog\koyumi0601.github.io\_posts\Cuda\practice_036_cuda_dcmtk_opencv\CudaRuntime1\CudaRuntime1\kernel.cu(530): warning #546-D: transfer of control bypasses initialization of:
              variable "threadsPerBlock" (declared at line 751)
              variable "numBlocks" (declared at line 752)
        goto Error;
        ^
  
D:\Github_Blog\koyumi0601.github.io\_posts\Cuda\practice_036_cuda_dcmtk_opencv\CudaRuntime1\CudaRuntime1\kernel.cu(535): warning #546-D: transfer of control bypasses initialization of:
              variable "threadsPerBlock" (declared at line 751)
              variable "numBlocks" (declared at line 752)
        goto Error;
        ^
  
D:\Github_Blog\koyumi0601.github.io\_posts\Cuda\practice_036_cuda_dcmtk_opencv\CudaRuntime1\CudaRuntime1\kernel.cu(540): warning #546-D: transfer of control bypasses initialization of:
              variable "threadsPerBlock" (declared at line 751)
              variable "numBlocks" (declared at line 752)
        goto Error;
        ^
  
D:\Github_Blog\koyumi0601.github.io\_posts\Cuda\practice_036_cuda_dcmtk_opencv\CudaRuntime1\CudaRuntime1\kernel.cu(545): warning #546-D: transfer of control bypasses initialization of:
              variable "threadsPerBlock" (declared at line 751)
              variable "numBlocks" (declared at line 752)
        goto Error;
        ^
  
D:\Github_Blog\koyumi0601.github.io\_posts\Cuda\practice_036_cuda_dcmtk_opencv\CudaRuntime1\CudaRuntime1\kernel.cu(550): warning #546-D: transfer of control bypasses initialization of:
              variable "threadsPerBlock" (declared at line 751)
              variable "numBlocks" (declared at line 752)
        goto Error;
        ^
  
D:\Github_Blog\koyumi0601.github.io\_posts\Cuda\practice_036_cuda_dcmtk_opencv\CudaRuntime1\CudaRuntime1\kernel.cu(555): warning #546-D: transfer of control bypasses initialization of:
              variable "threadsPerBlock" (declared at line 751)
              variable "numBlocks" (declared at line 752)
        goto Error;
        ^
  
D:\Github_Blog\koyumi0601.github.io\_posts\Cuda\practice_036_cuda_dcmtk_opencv\CudaRuntime1\CudaRuntime1\kernel.cu(560): warning #546-D: transfer of control bypasses initialization of:
              variable "threadsPerBlock" (declared at line 751)
              variable "numBlocks" (declared at line 752)
        goto Error;
        ^
  
D:\Github_Blog\koyumi0601.github.io\_posts\Cuda\practice_036_cuda_dcmtk_opencv\CudaRuntime1\CudaRuntime1\kernel.cu(565): warning #546-D: transfer of control bypasses initialization of:
              variable "threadsPerBlock" (declared at line 751)
              variable "numBlocks" (declared at line 752)
        goto Error;
        ^
  
D:\Github_Blog\koyumi0601.github.io\_posts\Cuda\practice_036_cuda_dcmtk_opencv\CudaRuntime1\CudaRuntime1\kernel.cu(570): warning #546-D: transfer of control bypasses initialization of:
              variable "threadsPerBlock" (declared at line 751)
              variable "numBlocks" (declared at line 752)
        goto Error;
        ^
  
D:\Github_Blog\koyumi0601.github.io\_posts\Cuda\practice_036_cuda_dcmtk_opencv\CudaRuntime1\CudaRuntime1\kernel.cu(575): warning #546-D: transfer of control bypasses initialization of:
              variable "threadsPerBlock" (declared at line 751)
              variable "numBlocks" (declared at line 752)
        goto Error;
        ^
  
D:\Github_Blog\koyumi0601.github.io\_posts\Cuda\practice_036_cuda_dcmtk_opencv\CudaRuntime1\CudaRuntime1\kernel.cu(580): warning #546-D: transfer of control bypasses initialization of:
              variable "threadsPerBlock" (declared at line 751)
              variable "numBlocks" (declared at line 752)
        goto Error;
        ^
  
D:\Github_Blog\koyumi0601.github.io\_posts\Cuda\practice_036_cuda_dcmtk_opencv\CudaRuntime1\CudaRuntime1\kernel.cu(585): warning #546-D: transfer of control bypasses initialization of:
              variable "threadsPerBlock" (declared at line 751)
              variable "numBlocks" (declared at line 752)
        goto Error;
        ^
  
D:\Github_Blog\koyumi0601.github.io\_posts\Cuda\practice_036_cuda_dcmtk_opencv\CudaRuntime1\CudaRuntime1\kernel.cu(590): warning #546-D: transfer of control bypasses initialization of:
              variable "threadsPerBlock" (declared at line 751)
              variable "numBlocks" (declared at line 752)
        goto Error;
        ^
  
D:\Github_Blog\koyumi0601.github.io\_posts\Cuda\practice_036_cuda_dcmtk_opencv\CudaRuntime1\CudaRuntime1\kernel.cu(595): warning #546-D: transfer of control bypasses initialization of:
              variable "threadsPerBlock" (declared at line 751)
              variable "numBlocks" (declared at line 752)
        goto Error;
        ^
  
D:\Github_Blog\koyumi0601.github.io\_posts\Cuda\practice_036_cuda_dcmtk_opencv\CudaRuntime1\CudaRuntime1\kernel.cu(600): warning #546-D: transfer of control bypasses initialization of:
              variable "threadsPerBlock" (declared at line 751)
              variable "numBlocks" (declared at line 752)
        goto Error;
        ^
  
D:\Github_Blog\koyumi0601.github.io\_posts\Cuda\practice_036_cuda_dcmtk_opencv\CudaRuntime1\CudaRuntime1\kernel.cu(605): warning #546-D: transfer of control bypasses initialization of:
              variable "threadsPerBlock" (declared at line 751)
              variable "numBlocks" (declared at line 752)
        goto Error;
        ^
  
D:\Github_Blog\koyumi0601.github.io\_posts\Cuda\practice_036_cuda_dcmtk_opencv\CudaRuntime1\CudaRuntime1\kernel.cu(610): warning #546-D: transfer of control bypasses initialization of:
              variable "threadsPerBlock" (declared at line 751)
              variable "numBlocks" (declared at line 752)
        goto Error;
        ^
  
D:\Github_Blog\koyumi0601.github.io\_posts\Cuda\practice_036_cuda_dcmtk_opencv\CudaRuntime1\CudaRuntime1\kernel.cu(617): warning #546-D: transfer of control bypasses initialization of:
              variable "threadsPerBlock" (declared at line 751)
              variable "numBlocks" (declared at line 752)
        goto Error;
        ^
  
D:\Github_Blog\koyumi0601.github.io\_posts\Cuda\practice_036_cuda_dcmtk_opencv\CudaRuntime1\CudaRuntime1\kernel.cu(622): warning #546-D: transfer of control bypasses initialization of:
              variable "threadsPerBlock" (declared at line 751)
              variable "numBlocks" (declared at line 752)
        goto Error;
        ^
  
D:\Github_Blog\koyumi0601.github.io\_posts\Cuda\practice_036_cuda_dcmtk_opencv\CudaRuntime1\CudaRuntime1\kernel.cu(627): warning #546-D: transfer of control bypasses initialization of:
              variable "threadsPerBlock" (declared at line 751)
              variable "numBlocks" (declared at line 752)
        goto Error;
        ^
  
D:\Github_Blog\koyumi0601.github.io\_posts\Cuda\practice_036_cuda_dcmtk_opencv\CudaRuntime1\CudaRuntime1\kernel.cu(632): warning #546-D: transfer of control bypasses initialization of:
              variable "threadsPerBlock" (declared at line 751)
              variable "numBlocks" (declared at line 752)
        goto Error;
        ^
  
D:\Github_Blog\koyumi0601.github.io\_posts\Cuda\practice_036_cuda_dcmtk_opencv\CudaRuntime1\CudaRuntime1\kernel.cu(637): warning #546-D: transfer of control bypasses initialization of:
              variable "threadsPerBlock" (declared at line 751)
              variable "numBlocks" (declared at line 752)
        goto Error;
        ^
  
D:\Github_Blog\koyumi0601.github.io\_posts\Cuda\practice_036_cuda_dcmtk_opencv\CudaRuntime1\CudaRuntime1\kernel.cu(642): warning #546-D: transfer of control bypasses initialization of:
              variable "threadsPerBlock" (declared at line 751)
              variable "numBlocks" (declared at line 752)
        goto Error;
        ^
  
D:\Github_Blog\koyumi0601.github.io\_posts\Cuda\practice_036_cuda_dcmtk_opencv\CudaRuntime1\CudaRuntime1\kernel.cu(647): warning #546-D: transfer of control bypasses initialization of:
              variable "threadsPerBlock" (declared at line 751)
              variable "numBlocks" (declared at line 752)
        goto Error;
        ^
  
D:\Github_Blog\koyumi0601.github.io\_posts\Cuda\practice_036_cuda_dcmtk_opencv\CudaRuntime1\CudaRuntime1\kernel.cu(652): warning #546-D: transfer of control bypasses initialization of:
              variable "threadsPerBlock" (declared at line 751)
              variable "numBlocks" (declared at line 752)
        goto Error;
        ^
  
D:\Github_Blog\koyumi0601.github.io\_posts\Cuda\practice_036_cuda_dcmtk_opencv\CudaRuntime1\CudaRuntime1\kernel.cu(657): warning #546-D: transfer of control bypasses initialization of:
              variable "threadsPerBlock" (declared at line 751)
              variable "numBlocks" (declared at line 752)
        goto Error;
        ^
  
D:\Github_Blog\koyumi0601.github.io\_posts\Cuda\practice_036_cuda_dcmtk_opencv\CudaRuntime1\CudaRuntime1\kernel.cu(662): warning #546-D: transfer of control bypasses initialization of:
              variable "threadsPerBlock" (declared at line 751)
              variable "numBlocks" (declared at line 752)
        goto Error;
        ^
  
D:\Github_Blog\koyumi0601.github.io\_posts\Cuda\practice_036_cuda_dcmtk_opencv\CudaRuntime1\CudaRuntime1\kernel.cu(667): warning #546-D: transfer of control bypasses initialization of:
              variable "threadsPerBlock" (declared at line 751)
              variable "numBlocks" (declared at line 752)
        goto Error;
        ^
  
D:\Github_Blog\koyumi0601.github.io\_posts\Cuda\practice_036_cuda_dcmtk_opencv\CudaRuntime1\CudaRuntime1\kernel.cu(672): warning #546-D: transfer of control bypasses initialization of:
              variable "threadsPerBlock" (declared at line 751)
              variable "numBlocks" (declared at line 752)
        goto Error;
        ^
  
D:\Github_Blog\koyumi0601.github.io\_posts\Cuda\practice_036_cuda_dcmtk_opencv\CudaRuntime1\CudaRuntime1\kernel.cu(677): warning #546-D: transfer of control bypasses initialization of:
              variable "threadsPerBlock" (declared at line 751)
              variable "numBlocks" (declared at line 752)
        goto Error;
        ^
  
D:\Github_Blog\koyumi0601.github.io\_posts\Cuda\practice_036_cuda_dcmtk_opencv\CudaRuntime1\CudaRuntime1\kernel.cu(682): warning #546-D: transfer of control bypasses initialization of:
              variable "threadsPerBlock" (declared at line 751)
              variable "numBlocks" (declared at line 752)
        goto Error;
        ^
  
D:\Github_Blog\koyumi0601.github.io\_posts\Cuda\practice_036_cuda_dcmtk_opencv\CudaRuntime1\CudaRuntime1\kernel.cu(687): warning #546-D: transfer of control bypasses initialization of:
              variable "threadsPerBlock" (declared at line 751)
              variable "numBlocks" (declared at line 752)
        goto Error;
        ^
  
D:\Github_Blog\koyumi0601.github.io\_posts\Cuda\practice_036_cuda_dcmtk_opencv\CudaRuntime1\CudaRuntime1\kernel.cu(692): warning #546-D: transfer of control bypasses initialization of:
              variable "threadsPerBlock" (declared at line 751)
              variable "numBlocks" (declared at line 752)
        goto Error;
        ^
  
D:\Github_Blog\koyumi0601.github.io\_posts\Cuda\practice_036_cuda_dcmtk_opencv\CudaRuntime1\CudaRuntime1\kernel.cu(697): warning #546-D: transfer of control bypasses initialization of:
              variable "threadsPerBlock" (declared at line 751)
              variable "numBlocks" (declared at line 752)
        goto Error;
        ^
  
D:\Github_Blog\koyumi0601.github.io\_posts\Cuda\practice_036_cuda_dcmtk_opencv\CudaRuntime1\CudaRuntime1\kernel.cu(702): warning #546-D: transfer of control bypasses initialization of:
              variable "threadsPerBlock" (declared at line 751)
              variable "numBlocks" (declared at line 752)
        goto Error;
        ^
  
D:\Github_Blog\koyumi0601.github.io\_posts\Cuda\practice_036_cuda_dcmtk_opencv\CudaRuntime1\CudaRuntime1\kernel.cu(707): warning #546-D: transfer of control bypasses initialization of:
              variable "threadsPerBlock" (declared at line 751)
              variable "numBlocks" (declared at line 752)
        goto Error;
        ^
  
D:\Github_Blog\koyumi0601.github.io\_posts\Cuda\practice_036_cuda_dcmtk_opencv\CudaRuntime1\CudaRuntime1\kernel.cu(712): warning #546-D: transfer of control bypasses initialization of:
              variable "threadsPerBlock" (declared at line 751)
              variable "numBlocks" (declared at line 752)
        goto Error;
        ^
  
D:\Github_Blog\koyumi0601.github.io\_posts\Cuda\practice_036_cuda_dcmtk_opencv\CudaRuntime1\CudaRuntime1\kernel.cu(717): warning #546-D: transfer of control bypasses initialization of:
              variable "threadsPerBlock" (declared at line 751)
              variable "numBlocks" (declared at line 752)
        goto Error;
        ^
  
D:\Github_Blog\koyumi0601.github.io\_posts\Cuda\practice_036_cuda_dcmtk_opencv\CudaRuntime1\CudaRuntime1\kernel.cu(722): warning #546-D: transfer of control bypasses initialization of:
              variable "threadsPerBlock" (declared at line 751)
              variable "numBlocks" (declared at line 752)
        goto Error;
        ^
  
D:\Github_Blog\koyumi0601.github.io\_posts\Cuda\practice_036_cuda_dcmtk_opencv\CudaRuntime1\CudaRuntime1\kernel.cu(727): warning #546-D: transfer of control bypasses initialization of:
              variable "threadsPerBlock" (declared at line 751)
              variable "numBlocks" (declared at line 752)
        goto Error;
        ^
  
D:\Github_Blog\koyumi0601.github.io\_posts\Cuda\practice_036_cuda_dcmtk_opencv\CudaRuntime1\CudaRuntime1\kernel.cu(732): warning #546-D: transfer of control bypasses initialization of:
              variable "threadsPerBlock" (declared at line 751)
              variable "numBlocks" (declared at line 752)
        goto Error;
        ^
  
D:\Github_Blog\koyumi0601.github.io\_posts\Cuda\practice_036_cuda_dcmtk_opencv\CudaRuntime1\CudaRuntime1\kernel.cu(737): warning #546-D: transfer of control bypasses initialization of:
              variable "threadsPerBlock" (declared at line 751)
              variable "numBlocks" (declared at line 752)
        goto Error;
        ^
  
D:\Github_Blog\koyumi0601.github.io\_posts\Cuda\practice_036_cuda_dcmtk_opencv\CudaRuntime1\CudaRuntime1\kernel.cu(742): warning #546-D: transfer of control bypasses initialization of:
              variable "threadsPerBlock" (declared at line 751)
              variable "numBlocks" (declared at line 752)
        goto Error;
        ^
  
D:\Github_Blog\koyumi0601.github.io\_posts\Cuda\practice_036_cuda_dcmtk_opencv\CudaRuntime1\CudaRuntime1\kernel.cu(747): warning #546-D: transfer of control bypasses initialization of:
              variable "threadsPerBlock" (declared at line 751)
              variable "numBlocks" (declared at line 752)
        goto Error;
        ^
  
D:\Github_Blog\Development_libraries\build\include\dcmtk/oflog/loglevel.h(191): warning #1394-D: field of class type without a DLL interface used in a class with a DLL interface
            LogLevelToStringMethodList toStringMethods;
                                       ^
  
  Remark: The warnings can be suppressed with "-diag-suppress <warning-number>"
  
D:\Github_Blog\Development_libraries\build\include\dcmtk/oflog/loglevel.h(194): warning #1394-D: field of class type without a DLL interface used in a class with a DLL interface
            StringToLogLevelMethodList fromStringMethods;
                                       ^
  
D:\Github_Blog\Development_libraries\build\include\dcmtk/oflog/layout.h(589): warning #1394-D: field of class type without a DLL interface used in a class with a DLL interface
            OFVector<pattern::PatternConverter*> parsedPattern;
                                                 ^
  
D:\Github_Blog\Development_libraries\build\include\dcmtk/oflog/spi/filter.h(137): warning #1394-D: field of class type without a DLL interface used in a class with a DLL interface
                FilterPtr next;
                          ^
  
D:\Github_Blog\Development_libraries\build\include\dcmtk/oflog/appender.h(227): warning #1394-D: field of class type without a DLL interface used in a class with a DLL interface
            OFunique_ptr<Layout> layout;
                                 ^
  
D:\Github_Blog\Development_libraries\build\include\dcmtk/oflog/appender.h(237): warning #1394-D: field of class type without a DLL interface used in a class with a DLL interface
            log4cplus::spi::FilterPtr filter;
                                      ^
  
D:\Github_Blog\Development_libraries\build\include\dcmtk/oflog/appender.h(240): warning #1394-D: field of class type without a DLL interface used in a class with a DLL interface
            OFunique_ptr<ErrorHandler> errorHandler;
                                       ^
  
D:\Github_Blog\Development_libraries\build\include\dcmtk/oflog/appender.h(243): warning #1394-D: field of class type without a DLL interface used in a class with a DLL interface
            OFunique_ptr<helpers::LockFile> lockFile;
                                            ^
  
D:\Github_Blog\Development_libraries\build\include\dcmtk/oflog/helpers/snprintf.h(54): warning #1394-D: field of class type without a DLL interface used in a class with a DLL interface
        OFVector<tchar> buf;
                        ^
  
D:\Github_Blog\Development_libraries\build\include\dcmtk/dcmdata/dchashdi.h(109): warning #1394-D: field of class type without a DLL interface used in a class with a DLL interface
        OFList<DcmDictEntry *> list_;
                               ^
  
D:\Github_Blog\Development_libraries\build\include\dcmtk/dcmdata/dchashdi.h(194): warning #1394-D: field of class type without a DLL interface used in a class with a DLL interface
        DcmDictEntryListIterator iter;
                                 ^
  
D:\Github_Blog\Development_libraries\build\include\dcmtk/dcmdata/dcpcache.h(113): warning #1394-D: field of class type without a DLL interface used in a class with a DLL interface
      OFList<DcmPrivateTagCacheEntry *> list_;
                                        ^
  
D:\Github_Blog\Development_libraries\build\include\dcmtk/dcmdata/dcpixel.h(152): warning #1394-D: field of class type without a DLL interface used in a class with a DLL interface
        DcmRepresentationList repList;
                              ^
  
D:\Github_Blog\Development_libraries\build\include\dcmtk/dcmdata/dcpixel.h(155): warning #1394-D: field of class type without a DLL interface used in a class with a DLL interface
        DcmRepresentationListIterator repListEnd;
                                      ^
  
D:\Github_Blog\Development_libraries\build\include\dcmtk/dcmdata/dcpixel.h(159): warning #1394-D: field of class type without a DLL interface used in a class with a DLL interface
        DcmRepresentationListIterator original;
                                      ^
  
D:\Github_Blog\Development_libraries\build\include\dcmtk/dcmdata/dcpixel.h(162): warning #1394-D: field of class type without a DLL interface used in a class with a DLL interface
        DcmRepresentationListIterator current;
                                      ^
  
D:\Github_Blog\Development_libraries\opencv\build\include\opencv2/stitching/detail/warpers.hpp(235): warning #611-D: overloaded virtual function "cv::detail::PlaneWarper::buildMaps" is only partially overridden in class "cv::detail::AffineWarper"
    class  AffineWarper : public PlaneWarper
           ^
  
D:\Github_Blog\Development_libraries\opencv\build\include\opencv2/stitching/detail/warpers.hpp(235): warning #611-D: overloaded virtual function "cv::detail::PlaneWarper::warp" is only partially overridden in class "cv::detail::AffineWarper"
    class  AffineWarper : public PlaneWarper
           ^
  
D:\Github_Blog\Development_libraries\opencv\build\include\opencv2/stitching/detail/matchers.hpp(182): warning #611-D: overloaded virtual function "cv::detail::FeaturesMatcher::match" is only partially overridden in class "cv::detail::BestOf2NearestMatcher"
    class  BestOf2NearestMatcher : public FeaturesMatcher
           ^
  
D:\Github_Blog\Development_libraries\opencv\build\include\opencv2/stitching/detail/matchers.hpp(236): warning #611-D: overloaded virtual function "cv::detail::FeaturesMatcher::match" is only partially overridden in class "cv::detail::AffineBestOf2NearestMatcher"
    class  AffineBestOf2NearestMatcher : public BestOf2NearestMatcher
           ^
  
D:\Github_Blog\Development_libraries\opencv\build\include\opencv2/stitching/detail/blenders.hpp(100): warning #611-D: overloaded virtual function "cv::detail::Blender::prepare" is only partially overridden in class "cv::detail::FeatherBlender"
    class  FeatherBlender : public Blender
           ^
  
D:\Github_Blog\Development_libraries\opencv\build\include\opencv2/stitching/detail/blenders.hpp(127): warning #611-D: overloaded virtual function "cv::detail::Blender::prepare" is only partially overridden in class "cv::detail::MultiBandBlender"
    class  MultiBandBlender : public Blender
           ^
  
D:\Github_Blog\koyumi0601.github.io\_posts\Cuda\practice_036_cuda_dcmtk_opencv\CudaRuntime1\CudaRuntime1\kernel.cu(467): warning #546-D: transfer of control bypasses initialization of:
              variable "threadsPerBlock" (declared at line 751)
              variable "numBlocks" (declared at line 752)
        goto Error;
        ^
  
D:\Github_Blog\koyumi0601.github.io\_posts\Cuda\practice_036_cuda_dcmtk_opencv\CudaRuntime1\CudaRuntime1\kernel.cu(474): warning #546-D: transfer of control bypasses initialization of:
              variable "threadsPerBlock" (declared at line 751)
              variable "numBlocks" (declared at line 752)
        goto Error;
        ^
  
D:\Github_Blog\koyumi0601.github.io\_posts\Cuda\practice_036_cuda_dcmtk_opencv\CudaRuntime1\CudaRuntime1\kernel.cu(480): warning #546-D: transfer of control bypasses initialization of:
              variable "threadsPerBlock" (declared at line 751)
              variable "numBlocks" (declared at line 752)
        goto Error;
        ^
  
D:\Github_Blog\koyumi0601.github.io\_posts\Cuda\practice_036_cuda_dcmtk_opencv\CudaRuntime1\CudaRuntime1\kernel.cu(485): warning #546-D: transfer of control bypasses initialization of:
              variable "threadsPerBlock" (declared at line 751)
              variable "numBlocks" (declared at line 752)
        goto Error;
        ^
  
D:\Github_Blog\koyumi0601.github.io\_posts\Cuda\practice_036_cuda_dcmtk_opencv\CudaRuntime1\CudaRuntime1\kernel.cu(490): warning #546-D: transfer of control bypasses initialization of:
              variable "threadsPerBlock" (declared at line 751)
              variable "numBlocks" (declared at line 752)
        goto Error;
        ^
  
D:\Github_Blog\koyumi0601.github.io\_posts\Cuda\practice_036_cuda_dcmtk_opencv\CudaRuntime1\CudaRuntime1\kernel.cu(495): warning #546-D: transfer of control bypasses initialization of:
              variable "threadsPerBlock" (declared at line 751)
              variable "numBlocks" (declared at line 752)
        goto Error;
        ^
  
D:\Github_Blog\koyumi0601.github.io\_posts\Cuda\practice_036_cuda_dcmtk_opencv\CudaRuntime1\CudaRuntime1\kernel.cu(500): warning #546-D: transfer of control bypasses initialization of:
              variable "threadsPerBlock" (declared at line 751)
              variable "numBlocks" (declared at line 752)
        goto Error;
        ^
  
D:\Github_Blog\koyumi0601.github.io\_posts\Cuda\practice_036_cuda_dcmtk_opencv\CudaRuntime1\CudaRuntime1\kernel.cu(505): warning #546-D: transfer of control bypasses initialization of:
              variable "threadsPerBlock" (declared at line 751)
              variable "numBlocks" (declared at line 752)
        goto Error;
        ^
  
D:\Github_Blog\koyumi0601.github.io\_posts\Cuda\practice_036_cuda_dcmtk_opencv\CudaRuntime1\CudaRuntime1\kernel.cu(510): warning #546-D: transfer of control bypasses initialization of:
              variable "threadsPerBlock" (declared at line 751)
              variable "numBlocks" (declared at line 752)
        goto Error;
        ^
  
D:\Github_Blog\koyumi0601.github.io\_posts\Cuda\practice_036_cuda_dcmtk_opencv\CudaRuntime1\CudaRuntime1\kernel.cu(515): warning #546-D: transfer of control bypasses initialization of:
              variable "threadsPerBlock" (declared at line 751)
              variable "numBlocks" (declared at line 752)
        goto Error;
        ^
  
D:\Github_Blog\koyumi0601.github.io\_posts\Cuda\practice_036_cuda_dcmtk_opencv\CudaRuntime1\CudaRuntime1\kernel.cu(520): warning #546-D: transfer of control bypasses initialization of:
              variable "threadsPerBlock" (declared at line 751)
              variable "numBlocks" (declared at line 752)
        goto Error;
        ^
  
D:\Github_Blog\koyumi0601.github.io\_posts\Cuda\practice_036_cuda_dcmtk_opencv\CudaRuntime1\CudaRuntime1\kernel.cu(525): warning #546-D: transfer of control bypasses initialization of:
              variable "threadsPerBlock" (declared at line 751)
              variable "numBlocks" (declared at line 752)
        goto Error;
        ^
  
D:\Github_Blog\koyumi0601.github.io\_posts\Cuda\practice_036_cuda_dcmtk_opencv\CudaRuntime1\CudaRuntime1\kernel.cu(530): warning #546-D: transfer of control bypasses initialization of:
              variable "threadsPerBlock" (declared at line 751)
              variable "numBlocks" (declared at line 752)
        goto Error;
        ^
  
D:\Github_Blog\koyumi0601.github.io\_posts\Cuda\practice_036_cuda_dcmtk_opencv\CudaRuntime1\CudaRuntime1\kernel.cu(535): warning #546-D: transfer of control bypasses initialization of:
              variable "threadsPerBlock" (declared at line 751)
              variable "numBlocks" (declared at line 752)
        goto Error;
        ^
  
D:\Github_Blog\koyumi0601.github.io\_posts\Cuda\practice_036_cuda_dcmtk_opencv\CudaRuntime1\CudaRuntime1\kernel.cu(540): warning #546-D: transfer of control bypasses initialization of:
              variable "threadsPerBlock" (declared at line 751)
              variable "numBlocks" (declared at line 752)
        goto Error;
        ^
  
D:\Github_Blog\koyumi0601.github.io\_posts\Cuda\practice_036_cuda_dcmtk_opencv\CudaRuntime1\CudaRuntime1\kernel.cu(545): warning #546-D: transfer of control bypasses initialization of:
              variable "threadsPerBlock" (declared at line 751)
              variable "numBlocks" (declared at line 752)
        goto Error;
        ^
  
D:\Github_Blog\koyumi0601.github.io\_posts\Cuda\practice_036_cuda_dcmtk_opencv\CudaRuntime1\CudaRuntime1\kernel.cu(550): warning #546-D: transfer of control bypasses initialization of:
              variable "threadsPerBlock" (declared at line 751)
              variable "numBlocks" (declared at line 752)
        goto Error;
        ^
  
D:\Github_Blog\koyumi0601.github.io\_posts\Cuda\practice_036_cuda_dcmtk_opencv\CudaRuntime1\CudaRuntime1\kernel.cu(555): warning #546-D: transfer of control bypasses initialization of:
              variable "threadsPerBlock" (declared at line 751)
              variable "numBlocks" (declared at line 752)
        goto Error;
        ^
  
D:\Github_Blog\koyumi0601.github.io\_posts\Cuda\practice_036_cuda_dcmtk_opencv\CudaRuntime1\CudaRuntime1\kernel.cu(560): warning #546-D: transfer of control bypasses initialization of:
              variable "threadsPerBlock" (declared at line 751)
              variable "numBlocks" (declared at line 752)
        goto Error;
        ^
  
D:\Github_Blog\koyumi0601.github.io\_posts\Cuda\practice_036_cuda_dcmtk_opencv\CudaRuntime1\CudaRuntime1\kernel.cu(565): warning #546-D: transfer of control bypasses initialization of:
              variable "threadsPerBlock" (declared at line 751)
              variable "numBlocks" (declared at line 752)
        goto Error;
        ^
  
D:\Github_Blog\koyumi0601.github.io\_posts\Cuda\practice_036_cuda_dcmtk_opencv\CudaRuntime1\CudaRuntime1\kernel.cu(570): warning #546-D: transfer of control bypasses initialization of:
              variable "threadsPerBlock" (declared at line 751)
              variable "numBlocks" (declared at line 752)
        goto Error;
        ^
  
D:\Github_Blog\koyumi0601.github.io\_posts\Cuda\practice_036_cuda_dcmtk_opencv\CudaRuntime1\CudaRuntime1\kernel.cu(575): warning #546-D: transfer of control bypasses initialization of:
              variable "threadsPerBlock" (declared at line 751)
              variable "numBlocks" (declared at line 752)
        goto Error;
        ^
  
D:\Github_Blog\koyumi0601.github.io\_posts\Cuda\practice_036_cuda_dcmtk_opencv\CudaRuntime1\CudaRuntime1\kernel.cu(580): warning #546-D: transfer of control bypasses initialization of:
              variable "threadsPerBlock" (declared at line 751)
              variable "numBlocks" (declared at line 752)
        goto Error;
        ^
  
D:\Github_Blog\koyumi0601.github.io\_posts\Cuda\practice_036_cuda_dcmtk_opencv\CudaRuntime1\CudaRuntime1\kernel.cu(585): warning #546-D: transfer of control bypasses initialization of:
              variable "threadsPerBlock" (declared at line 751)
              variable "numBlocks" (declared at line 752)
        goto Error;
        ^
  
D:\Github_Blog\koyumi0601.github.io\_posts\Cuda\practice_036_cuda_dcmtk_opencv\CudaRuntime1\CudaRuntime1\kernel.cu(590): warning #546-D: transfer of control bypasses initialization of:
              variable "threadsPerBlock" (declared at line 751)
              variable "numBlocks" (declared at line 752)
        goto Error;
        ^
  
D:\Github_Blog\koyumi0601.github.io\_posts\Cuda\practice_036_cuda_dcmtk_opencv\CudaRuntime1\CudaRuntime1\kernel.cu(595): warning #546-D: transfer of control bypasses initialization of:
              variable "threadsPerBlock" (declared at line 751)
              variable "numBlocks" (declared at line 752)
        goto Error;
        ^
  
D:\Github_Blog\koyumi0601.github.io\_posts\Cuda\practice_036_cuda_dcmtk_opencv\CudaRuntime1\CudaRuntime1\kernel.cu(600): warning #546-D: transfer of control bypasses initialization of:
              variable "threadsPerBlock" (declared at line 751)
              variable "numBlocks" (declared at line 752)
        goto Error;
        ^
  
D:\Github_Blog\koyumi0601.github.io\_posts\Cuda\practice_036_cuda_dcmtk_opencv\CudaRuntime1\CudaRuntime1\kernel.cu(605): warning #546-D: transfer of control bypasses initialization of:
              variable "threadsPerBlock" (declared at line 751)
              variable "numBlocks" (declared at line 752)
        goto Error;
        ^
  
D:\Github_Blog\koyumi0601.github.io\_posts\Cuda\practice_036_cuda_dcmtk_opencv\CudaRuntime1\CudaRuntime1\kernel.cu(610): warning #546-D: transfer of control bypasses initialization of:
              variable "threadsPerBlock" (declared at line 751)
              variable "numBlocks" (declared at line 752)
        goto Error;
        ^
  
D:\Github_Blog\koyumi0601.github.io\_posts\Cuda\practice_036_cuda_dcmtk_opencv\CudaRuntime1\CudaRuntime1\kernel.cu(617): warning #546-D: transfer of control bypasses initialization of:
              variable "threadsPerBlock" (declared at line 751)
              variable "numBlocks" (declared at line 752)
        goto Error;
        ^
  
D:\Github_Blog\koyumi0601.github.io\_posts\Cuda\practice_036_cuda_dcmtk_opencv\CudaRuntime1\CudaRuntime1\kernel.cu(622): warning #546-D: transfer of control bypasses initialization of:
              variable "threadsPerBlock" (declared at line 751)
              variable "numBlocks" (declared at line 752)
        goto Error;
        ^
  
D:\Github_Blog\koyumi0601.github.io\_posts\Cuda\practice_036_cuda_dcmtk_opencv\CudaRuntime1\CudaRuntime1\kernel.cu(627): warning #546-D: transfer of control bypasses initialization of:
              variable "threadsPerBlock" (declared at line 751)
              variable "numBlocks" (declared at line 752)
        goto Error;
        ^
  
D:\Github_Blog\koyumi0601.github.io\_posts\Cuda\practice_036_cuda_dcmtk_opencv\CudaRuntime1\CudaRuntime1\kernel.cu(632): warning #546-D: transfer of control bypasses initialization of:
              variable "threadsPerBlock" (declared at line 751)
              variable "numBlocks" (declared at line 752)
        goto Error;
        ^
  
D:\Github_Blog\koyumi0601.github.io\_posts\Cuda\practice_036_cuda_dcmtk_opencv\CudaRuntime1\CudaRuntime1\kernel.cu(637): warning #546-D: transfer of control bypasses initialization of:
              variable "threadsPerBlock" (declared at line 751)
              variable "numBlocks" (declared at line 752)
        goto Error;
        ^
  
D:\Github_Blog\koyumi0601.github.io\_posts\Cuda\practice_036_cuda_dcmtk_opencv\CudaRuntime1\CudaRuntime1\kernel.cu(642): warning #546-D: transfer of control bypasses initialization of:
              variable "threadsPerBlock" (declared at line 751)
              variable "numBlocks" (declared at line 752)
        goto Error;
        ^
  
D:\Github_Blog\koyumi0601.github.io\_posts\Cuda\practice_036_cuda_dcmtk_opencv\CudaRuntime1\CudaRuntime1\kernel.cu(647): warning #546-D: transfer of control bypasses initialization of:
              variable "threadsPerBlock" (declared at line 751)
              variable "numBlocks" (declared at line 752)
        goto Error;
        ^
  
D:\Github_Blog\koyumi0601.github.io\_posts\Cuda\practice_036_cuda_dcmtk_opencv\CudaRuntime1\CudaRuntime1\kernel.cu(652): warning #546-D: transfer of control bypasses initialization of:
              variable "threadsPerBlock" (declared at line 751)
              variable "numBlocks" (declared at line 752)
        goto Error;
        ^
  
D:\Github_Blog\koyumi0601.github.io\_posts\Cuda\practice_036_cuda_dcmtk_opencv\CudaRuntime1\CudaRuntime1\kernel.cu(657): warning #546-D: transfer of control bypasses initialization of:
              variable "threadsPerBlock" (declared at line 751)
              variable "numBlocks" (declared at line 752)
        goto Error;
        ^
  
D:\Github_Blog\koyumi0601.github.io\_posts\Cuda\practice_036_cuda_dcmtk_opencv\CudaRuntime1\CudaRuntime1\kernel.cu(662): warning #546-D: transfer of control bypasses initialization of:
              variable "threadsPerBlock" (declared at line 751)
              variable "numBlocks" (declared at line 752)
        goto Error;
        ^
  
D:\Github_Blog\koyumi0601.github.io\_posts\Cuda\practice_036_cuda_dcmtk_opencv\CudaRuntime1\CudaRuntime1\kernel.cu(667): warning #546-D: transfer of control bypasses initialization of:
              variable "threadsPerBlock" (declared at line 751)
              variable "numBlocks" (declared at line 752)
        goto Error;
        ^
  
D:\Github_Blog\koyumi0601.github.io\_posts\Cuda\practice_036_cuda_dcmtk_opencv\CudaRuntime1\CudaRuntime1\kernel.cu(672): warning #546-D: transfer of control bypasses initialization of:
              variable "threadsPerBlock" (declared at line 751)
              variable "numBlocks" (declared at line 752)
        goto Error;
        ^
  
D:\Github_Blog\koyumi0601.github.io\_posts\Cuda\practice_036_cuda_dcmtk_opencv\CudaRuntime1\CudaRuntime1\kernel.cu(677): warning #546-D: transfer of control bypasses initialization of:
              variable "threadsPerBlock" (declared at line 751)
              variable "numBlocks" (declared at line 752)
        goto Error;
        ^
  
D:\Github_Blog\koyumi0601.github.io\_posts\Cuda\practice_036_cuda_dcmtk_opencv\CudaRuntime1\CudaRuntime1\kernel.cu(682): warning #546-D: transfer of control bypasses initialization of:
              variable "threadsPerBlock" (declared at line 751)
              variable "numBlocks" (declared at line 752)
        goto Error;
        ^
  
D:\Github_Blog\koyumi0601.github.io\_posts\Cuda\practice_036_cuda_dcmtk_opencv\CudaRuntime1\CudaRuntime1\kernel.cu(687): warning #546-D: transfer of control bypasses initialization of:
              variable "threadsPerBlock" (declared at line 751)
              variable "numBlocks" (declared at line 752)
        goto Error;
        ^
  
D:\Github_Blog\koyumi0601.github.io\_posts\Cuda\practice_036_cuda_dcmtk_opencv\CudaRuntime1\CudaRuntime1\kernel.cu(692): warning #546-D: transfer of control bypasses initialization of:
              variable "threadsPerBlock" (declared at line 751)
              variable "numBlocks" (declared at line 752)
        goto Error;
        ^
  
D:\Github_Blog\koyumi0601.github.io\_posts\Cuda\practice_036_cuda_dcmtk_opencv\CudaRuntime1\CudaRuntime1\kernel.cu(697): warning #546-D: transfer of control bypasses initialization of:
              variable "threadsPerBlock" (declared at line 751)
              variable "numBlocks" (declared at line 752)
        goto Error;
        ^
  
D:\Github_Blog\koyumi0601.github.io\_posts\Cuda\practice_036_cuda_dcmtk_opencv\CudaRuntime1\CudaRuntime1\kernel.cu(702): warning #546-D: transfer of control bypasses initialization of:
              variable "threadsPerBlock" (declared at line 751)
              variable "numBlocks" (declared at line 752)
        goto Error;
        ^
  
D:\Github_Blog\koyumi0601.github.io\_posts\Cuda\practice_036_cuda_dcmtk_opencv\CudaRuntime1\CudaRuntime1\kernel.cu(707): warning #546-D: transfer of control bypasses initialization of:
              variable "threadsPerBlock" (declared at line 751)
              variable "numBlocks" (declared at line 752)
        goto Error;
        ^
  
D:\Github_Blog\koyumi0601.github.io\_posts\Cuda\practice_036_cuda_dcmtk_opencv\CudaRuntime1\CudaRuntime1\kernel.cu(712): warning #546-D: transfer of control bypasses initialization of:
              variable "threadsPerBlock" (declared at line 751)
              variable "numBlocks" (declared at line 752)
        goto Error;
        ^
  
D:\Github_Blog\koyumi0601.github.io\_posts\Cuda\practice_036_cuda_dcmtk_opencv\CudaRuntime1\CudaRuntime1\kernel.cu(717): warning #546-D: transfer of control bypasses initialization of:
              variable "threadsPerBlock" (declared at line 751)
              variable "numBlocks" (declared at line 752)
        goto Error;
        ^
  
D:\Github_Blog\koyumi0601.github.io\_posts\Cuda\practice_036_cuda_dcmtk_opencv\CudaRuntime1\CudaRuntime1\kernel.cu(722): warning #546-D: transfer of control bypasses initialization of:
              variable "threadsPerBlock" (declared at line 751)
              variable "numBlocks" (declared at line 752)
        goto Error;
        ^
  
D:\Github_Blog\koyumi0601.github.io\_posts\Cuda\practice_036_cuda_dcmtk_opencv\CudaRuntime1\CudaRuntime1\kernel.cu(727): warning #546-D: transfer of control bypasses initialization of:
              variable "threadsPerBlock" (declared at line 751)
              variable "numBlocks" (declared at line 752)
        goto Error;
        ^
  
D:\Github_Blog\koyumi0601.github.io\_posts\Cuda\practice_036_cuda_dcmtk_opencv\CudaRuntime1\CudaRuntime1\kernel.cu(732): warning #546-D: transfer of control bypasses initialization of:
              variable "threadsPerBlock" (declared at line 751)
              variable "numBlocks" (declared at line 752)
        goto Error;
        ^
  
D:\Github_Blog\koyumi0601.github.io\_posts\Cuda\practice_036_cuda_dcmtk_opencv\CudaRuntime1\CudaRuntime1\kernel.cu(737): warning #546-D: transfer of control bypasses initialization of:
              variable "threadsPerBlock" (declared at line 751)
              variable "numBlocks" (declared at line 752)
        goto Error;
        ^
  
D:\Github_Blog\koyumi0601.github.io\_posts\Cuda\practice_036_cuda_dcmtk_opencv\CudaRuntime1\CudaRuntime1\kernel.cu(742): warning #546-D: transfer of control bypasses initialization of:
              variable "threadsPerBlock" (declared at line 751)
              variable "numBlocks" (declared at line 752)
        goto Error;
        ^
  
D:\Github_Blog\koyumi0601.github.io\_posts\Cuda\practice_036_cuda_dcmtk_opencv\CudaRuntime1\CudaRuntime1\kernel.cu(747): warning #546-D: transfer of control bypasses initialization of:
              variable "threadsPerBlock" (declared at line 751)
              variable "numBlocks" (declared at line 752)
        goto Error;
        ^
  
  kernel.cu
  tmpxft_00000444_00000000-7_kernel.cudafe1.cpp
D:\Github_Blog\koyumi0601.github.io\_posts\Cuda\practice_036_cuda_dcmtk_opencv\CudaRuntime1\CudaRuntime1\kernel.cu(253): warning C4244: 'initializing': conversion from 'Float64' to 'float', possible loss of data
D:\Github_Blog\koyumi0601.github.io\_posts\Cuda\practice_036_cuda_dcmtk_opencv\CudaRuntime1\CudaRuntime1\kernel.cu(254): warning C4244: 'initializing': conversion from 'Float64' to 'float', possible loss of data
D:\Github_Blog\koyumi0601.github.io\_posts\Cuda\practice_036_cuda_dcmtk_opencv\CudaRuntime1\CudaRuntime1\kernel.cu(752): warning C4267: 'argument': conversion from 'size_t' to 'unsigned int', possible loss of data
D:\Github_Blog\koyumi0601.github.io\_posts\Cuda\practice_036_cuda_dcmtk_opencv\CudaRuntime1\CudaRuntime1\kernel.cu(752): warning C4533: initialization of 'numBlocks' is skipped by 'goto Error'
  D:\Github_Blog\koyumi0601.github.io\_posts\Cuda\practice_036_cuda_dcmtk_opencv\CudaRuntime1\CudaRuntime1\kernel.cu(752): note: see declaration of 'numBlocks'
  D:\Github_Blog\koyumi0601.github.io\_posts\Cuda\practice_036_cuda_dcmtk_opencv\CudaRuntime1\CudaRuntime1\kernel.cu(805): note: see declaration of 'Error'
D:\Github_Blog\koyumi0601.github.io\_posts\Cuda\practice_036_cuda_dcmtk_opencv\CudaRuntime1\CudaRuntime1\kernel.cu(751): warning C4533: initialization of 'threadsPerBlock' is skipped by 'goto Error'
  D:\Github_Blog\koyumi0601.github.io\_posts\Cuda\practice_036_cuda_dcmtk_opencv\CudaRuntime1\CudaRuntime1\kernel.cu(751): note: see declaration of 'threadsPerBlock'
  D:\Github_Blog\koyumi0601.github.io\_posts\Cuda\practice_036_cuda_dcmtk_opencv\CudaRuntime1\CudaRuntime1\kernel.cu(805): note: see declaration of 'Error'
     Creating library D:\Github_Blog\koyumi0601.github.io\_posts\Cuda\practice_036_cuda_dcmtk_opencv\CudaRuntime1\x64\Debug\CudaRuntime1.lib and object D:\Github_Blog\koyumi0601.github.io\_posts\Cuda\practice_036_cuda_dcmtk_opencv\CudaRuntime1\x64\Debug\CudaRuntime1.exp
LINK : warning LNK4098: defaultlib 'LIBCMT' conflicts with use of other libs; use /NODEFAULTLIB:library
  CudaRuntime1.vcxproj -> D:\Github_Blog\koyumi0601.github.io\_posts\Cuda\practice_036_cuda_dcmtk_opencv\CudaRuntime1\x64\Debug\CudaRuntime1.exe
  'pwsh.exe' is not recognized as an internal or external command,
  operable program or batch file.
