  Compiling CUDA source file kernel.cu...
  
  D:\Github_Blog\koyumi0601.github.io\_posts\Cuda\practice_037_cu_dcmtk_opencv\CudaRuntime1\CudaRuntime1>"C:\Program Files\NVIDIA GPU Computing Toolkit\CUDA\v12.3\bin\nvcc.exe" -gencode=arch=compute_52,code=\"sm_52,compute_52\" --use-local-env -ccbin "C:\Program Files\Microsoft Visual Studio\2022\Professional\VC\Tools\MSVC\14.38.33130\bin\HostX64\x64" -x cu   -I"C:\Program Files\NVIDIA GPU Computing Toolkit\CUDA\v12.3\include" -I"C:\Users\koyum\vcpkg\installed\x64-windows\include" -I"C:\Program Files\NVIDIA GPU Computing Toolkit\CUDA\v12.3\include"     --keep-dir x64\Release  -maxrregcount=0   --machine 64 --compile -cudart static    -DWIN32 -DWIN64 -DNDEBUG -D_CONSOLE -D_MBCS -Xcompiler "/EHsc /W3 /nologo /O2 /FS   /MD " -Xcompiler "/Fdx64\Release\vc143.pdb" -o D:\Github_Blog\koyumi0601.github.io\_posts\Cuda\practice_037_cu_dcmtk_opencv\CudaRuntime1\CudaRuntime1\x64\Release\kernel.cu.obj "D:\Github_Blog\koyumi0601.github.io\_posts\Cuda\practice_037_cu_dcmtk_opencv\CudaRuntime1\CudaRuntime1\kernel.cu" 
D:\Github_Blog\koyumi0601.github.io\_posts\Cuda\practice_037_cu_dcmtk_opencv\CudaRuntime1\CudaRuntime1\kernel.cu(33): warning #546-D: transfer of control bypasses initialization of:
              variable "threadsPerBlock" (declared at line 72)
              variable "numBlocks" (declared at line 73)
        goto Error;
        ^
  
  Remark: The warnings can be suppressed with "-diag-suppress <warning-number>"
  
D:\Github_Blog\koyumi0601.github.io\_posts\Cuda\practice_037_cu_dcmtk_opencv\CudaRuntime1\CudaRuntime1\kernel.cu(40): warning #546-D: transfer of control bypasses initialization of:
              variable "threadsPerBlock" (declared at line 72)
              variable "numBlocks" (declared at line 73)
        goto Error;
        ^
  
D:\Github_Blog\koyumi0601.github.io\_posts\Cuda\practice_037_cu_dcmtk_opencv\CudaRuntime1\CudaRuntime1\kernel.cu(47): warning #546-D: transfer of control bypasses initialization of:
              variable "threadsPerBlock" (declared at line 72)
              variable "numBlocks" (declared at line 73)
        goto Error;
        ^
  
D:\Github_Blog\koyumi0601.github.io\_posts\Cuda\practice_037_cu_dcmtk_opencv\CudaRuntime1\CudaRuntime1\kernel.cu(55): warning #546-D: transfer of control bypasses initialization of:
              variable "threadsPerBlock" (declared at line 72)
              variable "numBlocks" (declared at line 73)
          goto Error;
          ^
  
D:\Github_Blog\koyumi0601.github.io\_posts\Cuda\practice_037_cu_dcmtk_opencv\CudaRuntime1\CudaRuntime1\kernel.cu(60): warning #546-D: transfer of control bypasses initialization of:
              variable "threadsPerBlock" (declared at line 72)
              variable "numBlocks" (declared at line 73)
          goto Error;
          ^
  
D:\Github_Blog\koyumi0601.github.io\_posts\Cuda\practice_037_cu_dcmtk_opencv\CudaRuntime1\CudaRuntime1\kernel.cu(68): warning #546-D: transfer of control bypasses initialization of:
              variable "threadsPerBlock" (declared at line 72)
              variable "numBlocks" (declared at line 73)
        goto Error;
        ^
  
D:\Github_Blog\koyumi0601.github.io\_posts\Cuda\practice_037_cu_dcmtk_opencv\CudaRuntime1\CudaRuntime1\kernel.cu(33): warning #546-D: transfer of control bypasses initialization of:
              variable "threadsPerBlock" (declared at line 72)
              variable "numBlocks" (declared at line 73)
        goto Error;
        ^
  
  Remark: The warnings can be suppressed with "-diag-suppress <warning-number>"
  
D:\Github_Blog\koyumi0601.github.io\_posts\Cuda\practice_037_cu_dcmtk_opencv\CudaRuntime1\CudaRuntime1\kernel.cu(40): warning #546-D: transfer of control bypasses initialization of:
              variable "threadsPerBlock" (declared at line 72)
              variable "numBlocks" (declared at line 73)
        goto Error;
        ^
  
D:\Github_Blog\koyumi0601.github.io\_posts\Cuda\practice_037_cu_dcmtk_opencv\CudaRuntime1\CudaRuntime1\kernel.cu(47): warning #546-D: transfer of control bypasses initialization of:
              variable "threadsPerBlock" (declared at line 72)
              variable "numBlocks" (declared at line 73)
        goto Error;
        ^
  
D:\Github_Blog\koyumi0601.github.io\_posts\Cuda\practice_037_cu_dcmtk_opencv\CudaRuntime1\CudaRuntime1\kernel.cu(55): warning #546-D: transfer of control bypasses initialization of:
              variable "threadsPerBlock" (declared at line 72)
              variable "numBlocks" (declared at line 73)
          goto Error;
          ^
  
D:\Github_Blog\koyumi0601.github.io\_posts\Cuda\practice_037_cu_dcmtk_opencv\CudaRuntime1\CudaRuntime1\kernel.cu(60): warning #546-D: transfer of control bypasses initialization of:
              variable "threadsPerBlock" (declared at line 72)
              variable "numBlocks" (declared at line 73)
          goto Error;
          ^
  
D:\Github_Blog\koyumi0601.github.io\_posts\Cuda\practice_037_cu_dcmtk_opencv\CudaRuntime1\CudaRuntime1\kernel.cu(68): warning #546-D: transfer of control bypasses initialization of:
              variable "threadsPerBlock" (declared at line 72)
              variable "numBlocks" (declared at line 73)
        goto Error;
        ^
  
  kernel.cu
  tmpxft_000016dc_00000000-7_kernel.cudafe1.cpp
D:\Github_Blog\koyumi0601.github.io\_posts\Cuda\practice_037_cu_dcmtk_opencv\CudaRuntime1\CudaRuntime1\kernel.cu(50): warning C4018: '<': signed/unsigned mismatch
D:\Github_Blog\koyumi0601.github.io\_posts\Cuda\practice_037_cu_dcmtk_opencv\CudaRuntime1\CudaRuntime1\kernel.cu(73): warning C4267: 'argument': conversion from 'size_t' to 'unsigned int', possible loss of data
D:\Github_Blog\koyumi0601.github.io\_posts\Cuda\practice_037_cu_dcmtk_opencv\CudaRuntime1\CudaRuntime1\kernel.cu(100): warning C4018: '<': signed/unsigned mismatch
D:\Github_Blog\koyumi0601.github.io\_posts\Cuda\practice_037_cu_dcmtk_opencv\CudaRuntime1\CudaRuntime1\kernel.cu(73): warning C4533: initialization of 'numBlocks' is skipped by 'goto Error'
  D:\Github_Blog\koyumi0601.github.io\_posts\Cuda\practice_037_cu_dcmtk_opencv\CudaRuntime1\CudaRuntime1\kernel.cu(73): note: see declaration of 'numBlocks'
  D:\Github_Blog\koyumi0601.github.io\_posts\Cuda\practice_037_cu_dcmtk_opencv\CudaRuntime1\CudaRuntime1\kernel.cu(98): note: see declaration of 'Error'
D:\Github_Blog\koyumi0601.github.io\_posts\Cuda\practice_037_cu_dcmtk_opencv\CudaRuntime1\CudaRuntime1\kernel.cu(72): warning C4533: initialization of 'threadsPerBlock' is skipped by 'goto Error'
  D:\Github_Blog\koyumi0601.github.io\_posts\Cuda\practice_037_cu_dcmtk_opencv\CudaRuntime1\CudaRuntime1\kernel.cu(72): note: see declaration of 'threadsPerBlock'
  D:\Github_Blog\koyumi0601.github.io\_posts\Cuda\practice_037_cu_dcmtk_opencv\CudaRuntime1\CudaRuntime1\kernel.cu(98): note: see declaration of 'Error'
  main.cpp
  utils.cpp
D:\Github_Blog\koyumi0601.github.io\_posts\Cuda\practice_037_cu_dcmtk_opencv\CudaRuntime1\CudaRuntime1\utils.cpp(113,48): warning C4244: '=': conversion from 'Float64' to 'float', possible loss of data
D:\Github_Blog\koyumi0601.github.io\_posts\Cuda\practice_037_cu_dcmtk_opencv\CudaRuntime1\CudaRuntime1\utils.cpp(114,54): warning C4244: '=': conversion from 'Float64' to 'float', possible loss of data
     Creating library D:\Github_Blog\koyumi0601.github.io\_posts\Cuda\practice_037_cu_dcmtk_opencv\CudaRuntime1\x64\Release\CudaRuntime1.lib and object D:\Github_Blog\koyumi0601.github.io\_posts\Cuda\practice_037_cu_dcmtk_opencv\CudaRuntime1\x64\Release\CudaRuntime1.exp
LINK : warning LNK4098: defaultlib 'LIBCMT' conflicts with use of other libs; use /NODEFAULTLIB:library
  Generating code
  139 of 1144 functions (12.2%) were compiled, the rest were copied from previous compilation.
    39 functions were new in current compilation
    40 functions had inline decision re-evaluated but remain unchanged
  Finished generating code
  CudaRuntime1.vcxproj -> D:\Github_Blog\koyumi0601.github.io\_posts\Cuda\practice_037_cu_dcmtk_opencv\CudaRuntime1\x64\Release\CudaRuntime1.exe
  'pwsh.exe' is not recognized as an internal or external command,
  operable program or batch file.
