  Compiling CUDA source file kernel.cu...
  
  D:\GitHub_Project\koyumi0601.github.io\_posts\Cuda\practice_007_window_visualstudio\CudaRuntime1>"C:\Program Files\NVIDIA GPU Computing Toolkit\CUDA\v12.3\bin\nvcc.exe" -gencode=arch=compute_52,code=\"sm_52,compute_52\" --use-local-env -ccbin "D:\Program Files\Microsoft Visual Studio\2022\Professional\VC\Tools\MSVC\14.38.33130\bin\HostX64\x64" -x cu   -I"C:\Program Files\NVIDIA GPU Computing Toolkit\CUDA\v12.3\include" -I"C:\Program Files\NVIDIA GPU Computing Toolkit\CUDA\v12.3\include"  -G   --keep-dir x64\Debug  -maxrregcount=0   --machine 64 --compile -cudart static  -g  -DWIN32 -DWIN64 -D_DEBUG -D_CONSOLE -D_MBCS -Xcompiler "/EHsc /W3 /nologo /Od /FS /Zi /RTC1 /MDd " -Xcompiler "/Fdx64\Debug\vc143.pdb" -o D:\GitHub_Project\koyumi0601.github.io\_posts\Cuda\practice_007_window_visualstudio\CudaRuntime1\x64\Debug\kernel.cu.obj "D:\GitHub_Project\koyumi0601.github.io\_posts\Cuda\practice_007_window_visualstudio\CudaRuntime1\kernel.cu" 
C:\Program Files\NVIDIA GPU Computing Toolkit\CUDA\v12.3\include\driver_types.h(1325): warning C4819: The file contains a character that cannot be represented in the current code page (949). Save the file in Unicode format to prevent data loss
C:\Program Files\NVIDIA GPU Computing Toolkit\CUDA\v12.3\include\driver_types.h(1325): warning C4819: The file contains a character that cannot be represented in the current code page (949). Save the file in Unicode format to prevent data loss
C:\Program Files\NVIDIA GPU Computing Toolkit\CUDA\v12.3\include\driver_types.h(1325): warning C4819: The file contains a character that cannot be represented in the current code page (949). Save the file in Unicode format to prevent data loss
C:\Program Files\NVIDIA GPU Computing Toolkit\CUDA\v12.3\include\driver_types.h(1325): warning C4819: The file contains a character that cannot be represented in the current code page (949). Save the file in Unicode format to prevent data loss
C:\Program Files\NVIDIA GPU Computing Toolkit\CUDA\v12.3\include\driver_types.h(1325): warning C4819: The file contains a character that cannot be represented in the current code page (949). Save the file in Unicode format to prevent data loss
C:\Program Files\NVIDIA GPU Computing Toolkit\CUDA\v12.3\include\cuda_runtime_api.h(11766): warning C4819: The file contains a character that cannot be represented in the current code page (949). Save the file in Unicode format to prevent data loss
C:\Program Files\NVIDIA GPU Computing Toolkit\CUDA\v12.3\include\cuda_runtime_api.h(11766): warning C4819: The file contains a character that cannot be represented in the current code page (949). Save the file in Unicode format to prevent data loss
C:\Program Files\NVIDIA GPU Computing Toolkit\CUDA\v12.3\include\driver_types.h(1325): warning C4819: The file contains a character that cannot be represented in the current code page (949). Save the file in Unicode format to prevent data loss
C:\Program Files\NVIDIA GPU Computing Toolkit\CUDA\v12.3\include\driver_types.h(1325): warning C4819: The file contains a character that cannot be represented in the current code page (949). Save the file in Unicode format to prevent data loss
C:\Program Files\NVIDIA GPU Computing Toolkit\CUDA\v12.3\include\cuda_runtime_api.h(11766): warning C4819: The file contains a character that cannot be represented in the current code page (949). Save the file in Unicode format to prevent data loss
C:\Program Files\NVIDIA GPU Computing Toolkit\CUDA\v12.3\include\cuda_runtime_api.h(11766): warning C4819: The file contains a character that cannot be represented in the current code page (949). Save the file in Unicode format to prevent data loss
C:\Program Files\NVIDIA GPU Computing Toolkit\CUDA\v12.3\include\driver_types.h(1325): warning C4819: The file contains a character that cannot be represented in the current code page (949). Save the file in Unicode format to prevent data loss
C:\Program Files\NVIDIA GPU Computing Toolkit\CUDA\v12.3\include\driver_types.h(1325): warning C4819: The file contains a character that cannot be represented in the current code page (949). Save the file in Unicode format to prevent data loss
C:\Program Files\NVIDIA GPU Computing Toolkit\CUDA\v12.3\include\driver_types.h(1325): warning C4819: The file contains a character that cannot be represented in the current code page (949). Save the file in Unicode format to prevent data loss
C:\Program Files\NVIDIA GPU Computing Toolkit\CUDA\v12.3\include\driver_types.h(1325): warning C4819: The file contains a character that cannot be represented in the current code page (949). Save the file in Unicode format to prevent data loss
C:\Program Files\NVIDIA GPU Computing Toolkit\CUDA\v12.3\include\driver_types.h(1325): warning C4819: The file contains a character that cannot be represented in the current code page (949). Save the file in Unicode format to prevent data loss
C:\Program Files\NVIDIA GPU Computing Toolkit\CUDA\v12.3\include\cuda_runtime_api.h(11766): warning C4819: The file contains a character that cannot be represented in the current code page (949). Save the file in Unicode format to prevent data loss
C:\Program Files\NVIDIA GPU Computing Toolkit\CUDA\v12.3\include\cuda_runtime_api.h(11766): warning C4819: The file contains a character that cannot be represented in the current code page (949). Save the file in Unicode format to prevent data loss
C:\Program Files\NVIDIA GPU Computing Toolkit\CUDA\v12.3\include\driver_types.h(1325): warning C4819: The file contains a character that cannot be represented in the current code page (949). Save the file in Unicode format to prevent data loss
C:\Program Files\NVIDIA GPU Computing Toolkit\CUDA\v12.3\include\driver_types.h(1325): warning C4819: The file contains a character that cannot be represented in the current code page (949). Save the file in Unicode format to prevent data loss
C:\Program Files\NVIDIA GPU Computing Toolkit\CUDA\v12.3\include\cuda_runtime_api.h(11766): warning C4819: The file contains a character that cannot be represented in the current code page (949). Save the file in Unicode format to prevent data loss
C:\Program Files\NVIDIA GPU Computing Toolkit\CUDA\v12.3\include\cuda_runtime_api.h(11766): warning C4819: The file contains a character that cannot be represented in the current code page (949). Save the file in Unicode format to prevent data loss
C:\Program Files\NVIDIA GPU Computing Toolkit\CUDA\v12.3\include\cuda_runtime_api.h(11766): warning C4819: The file contains a character that cannot be represented in the current code page (949). Save the file in Unicode format to prevent data loss
C:\Program Files\NVIDIA GPU Computing Toolkit\CUDA\v12.3\include\cuda_runtime_api.h(11766): warning C4819: The file contains a character that cannot be represented in the current code page (949). Save the file in Unicode format to prevent data loss
C:\Program Files\NVIDIA GPU Computing Toolkit\CUDA\v12.3\include\cuda_runtime_api.h(11766): warning C4819: The file contains a character that cannot be represented in the current code page (949). Save the file in Unicode format to prevent data loss
C:\Program Files\NVIDIA GPU Computing Toolkit\CUDA\v12.3\include\cuda_runtime_api.h(11766): warning C4819: The file contains a character that cannot be represented in the current code page (949). Save the file in Unicode format to prevent data loss
C:\Program Files\NVIDIA GPU Computing Toolkit\CUDA\v12.3\include\cuda_runtime_api.h(11766): warning C4819: The file contains a character that cannot be represented in the current code page (949). Save the file in Unicode format to prevent data loss
C:\Program Files\NVIDIA GPU Computing Toolkit\CUDA\v12.3\include\driver_types.h(1325): warning C4819: The file contains a character that cannot be represented in the current code page (949). Save the file in Unicode format to prevent data loss
C:\Program Files\NVIDIA GPU Computing Toolkit\CUDA\v12.3\include\driver_types.h(1325): warning C4819: The file contains a character that cannot be represented in the current code page (949). Save the file in Unicode format to prevent data loss
C:\Program Files\NVIDIA GPU Computing Toolkit\CUDA\v12.3\include\driver_types.h(1325): warning C4819: The file contains a character that cannot be represented in the current code page (949). Save the file in Unicode format to prevent data loss
C:\Program Files\NVIDIA GPU Computing Toolkit\CUDA\v12.3\include\cuda_runtime_api.h(11766): warning C4819: The file contains a character that cannot be represented in the current code page (949). Save the file in Unicode format to prevent data loss
C:\Program Files\NVIDIA GPU Computing Toolkit\CUDA\v12.3\include\cuda_runtime_api.h(11766): warning C4819: The file contains a character that cannot be represented in the current code page (949). Save the file in Unicode format to prevent data loss
C:\Program Files\NVIDIA GPU Computing Toolkit\CUDA\v12.3\include\driver_types.h(1325): warning C4819: The file contains a character that cannot be represented in the current code page (949). Save the file in Unicode format to prevent data loss
C:\Program Files\NVIDIA GPU Computing Toolkit\CUDA\v12.3\include\driver_types.h(1325): warning C4819: The file contains a character that cannot be represented in the current code page (949). Save the file in Unicode format to prevent data loss
C:\Program Files\NVIDIA GPU Computing Toolkit\CUDA\v12.3\include\driver_types.h(1325): warning C4819: The file contains a character that cannot be represented in the current code page (949). Save the file in Unicode format to prevent data loss
C:\Program Files\NVIDIA GPU Computing Toolkit\CUDA\v12.3\include\driver_types.h(1325): warning C4819: The file contains a character that cannot be represented in the current code page (949). Save the file in Unicode format to prevent data loss
C:\Program Files\NVIDIA GPU Computing Toolkit\CUDA\v12.3\include\driver_types.h(1325): warning C4819: The file contains a character that cannot be represented in the current code page (949). Save the file in Unicode format to prevent data loss
C:\Program Files\NVIDIA GPU Computing Toolkit\CUDA\v12.3\include\cuda_runtime_api.h(11766): warning C4819: The file contains a character that cannot be represented in the current code page (949). Save the file in Unicode format to prevent data loss
C:\Program Files\NVIDIA GPU Computing Toolkit\CUDA\v12.3\include\cuda_runtime_api.h(11766): warning C4819: The file contains a character that cannot be represented in the current code page (949). Save the file in Unicode format to prevent data loss
C:\Program Files\NVIDIA GPU Computing Toolkit\CUDA\v12.3\include\driver_types.h(1325): warning C4819: The file contains a character that cannot be represented in the current code page (949). Save the file in Unicode format to prevent data loss
C:\Program Files\NVIDIA GPU Computing Toolkit\CUDA\v12.3\include\driver_types.h(1325): warning C4819: The file contains a character that cannot be represented in the current code page (949). Save the file in Unicode format to prevent data loss
C:\Program Files\NVIDIA GPU Computing Toolkit\CUDA\v12.3\include\cuda_runtime_api.h(11766): warning C4819: The file contains a character that cannot be represented in the current code page (949). Save the file in Unicode format to prevent data loss
C:\Program Files\NVIDIA GPU Computing Toolkit\CUDA\v12.3\include\cuda_runtime_api.h(11766): warning C4819: The file contains a character that cannot be represented in the current code page (949). Save the file in Unicode format to prevent data loss
C:\Program Files\NVIDIA GPU Computing Toolkit\CUDA\v12.3\include\driver_types.h(1325): warning C4819: The file contains a character that cannot be represented in the current code page (949). Save the file in Unicode format to prevent data loss
C:\Program Files\NVIDIA GPU Computing Toolkit\CUDA\v12.3\include\driver_types.h(1325): warning C4819: The file contains a character that cannot be represented in the current code page (949). Save the file in Unicode format to prevent data loss
C:\Program Files\NVIDIA GPU Computing Toolkit\CUDA\v12.3\include\driver_types.h(1325): warning C4819: The file contains a character that cannot be represented in the current code page (949). Save the file in Unicode format to prevent data loss
C:\Program Files\NVIDIA GPU Computing Toolkit\CUDA\v12.3\include\driver_types.h(1325): warning C4819: The file contains a character that cannot be represented in the current code page (949). Save the file in Unicode format to prevent data loss
C:\Program Files\NVIDIA GPU Computing Toolkit\CUDA\v12.3\include\driver_types.h(1325): warning C4819: The file contains a character that cannot be represented in the current code page (949). Save the file in Unicode format to prevent data loss
C:\Program Files\NVIDIA GPU Computing Toolkit\CUDA\v12.3\include\cuda_runtime_api.h(11766): warning C4819: The file contains a character that cannot be represented in the current code page (949). Save the file in Unicode format to prevent data loss
C:\Program Files\NVIDIA GPU Computing Toolkit\CUDA\v12.3\include\cuda_runtime_api.h(11766): warning C4819: The file contains a character that cannot be represented in the current code page (949). Save the file in Unicode format to prevent data loss
C:\Program Files\NVIDIA GPU Computing Toolkit\CUDA\v12.3\include\cuda_runtime_api.h(11766): warning C4819: The file contains a character that cannot be represented in the current code page (949). Save the file in Unicode format to prevent data loss
C:\Program Files\NVIDIA GPU Computing Toolkit\CUDA\v12.3\include\cuda_runtime_api.h(11766): warning C4819: The file contains a character that cannot be represented in the current code page (949). Save the file in Unicode format to prevent data loss
C:\Program Files\NVIDIA GPU Computing Toolkit\CUDA\v12.3\include\driver_types.h(1325): warning C4819: The file contains a character that cannot be represented in the current code page (949). Save the file in Unicode format to prevent data loss
C:\Program Files\NVIDIA GPU Computing Toolkit\CUDA\v12.3\include\driver_types.h(1325): warning C4819: The file contains a character that cannot be represented in the current code page (949). Save the file in Unicode format to prevent data loss
C:\Program Files\NVIDIA GPU Computing Toolkit\CUDA\v12.3\include\cuda_runtime_api.h(11766): warning C4819: The file contains a character that cannot be represented in the current code page (949). Save the file in Unicode format to prevent data loss
C:\Program Files\NVIDIA GPU Computing Toolkit\CUDA\v12.3\include\cuda_runtime_api.h(11766): warning C4819: The file contains a character that cannot be represented in the current code page (949). Save the file in Unicode format to prevent data loss
C:\Program Files\NVIDIA GPU Computing Toolkit\CUDA\v12.3\include\cuda_runtime_api.h(11766): warning C4819: The file contains a character that cannot be represented in the current code page (949). Save the file in Unicode format to prevent data loss
C:\Program Files\NVIDIA GPU Computing Toolkit\CUDA\v12.3\include\cuda_runtime_api.h(11766): warning C4819: The file contains a character that cannot be represented in the current code page (949). Save the file in Unicode format to prevent data loss
C:\Program Files\NVIDIA GPU Computing Toolkit\CUDA\v12.3\include\cuda_runtime_api.h(11766): warning C4819: The file contains a character that cannot be represented in the current code page (949). Save the file in Unicode format to prevent data loss
C:\Program Files\NVIDIA GPU Computing Toolkit\CUDA\v12.3\include\cuda_runtime_api.h(11766): warning C4819: The file contains a character that cannot be represented in the current code page (949). Save the file in Unicode format to prevent data loss
C:\Program Files\NVIDIA GPU Computing Toolkit\CUDA\v12.3\include\cuda_runtime_api.h(11766): warning C4819: The file contains a character that cannot be represented in the current code page (949). Save the file in Unicode format to prevent data loss
C:\Program Files\NVIDIA GPU Computing Toolkit\CUDA\v12.3\include\cuda_runtime_api.h(11766): warning C4819: The file contains a character that cannot be represented in the current code page (949). Save the file in Unicode format to prevent data loss
C:\Program Files\NVIDIA GPU Computing Toolkit\CUDA\v12.3\include\cuda_runtime_api.h(11766): warning C4819: The file contains a character that cannot be represented in the current code page (949). Save the file in Unicode format to prevent data loss
C:\Program Files\NVIDIA GPU Computing Toolkit\CUDA\v12.3\include\cuda_runtime_api.h(11766): warning C4819: The file contains a character that cannot be represented in the current code page (949). Save the file in Unicode format to prevent data loss
C:\Program Files\NVIDIA GPU Computing Toolkit\CUDA\v12.3\include\cuda_runtime_api.h(11766): warning C4819: The file contains a character that cannot be represented in the current code page (949). Save the file in Unicode format to prevent data loss
C:\Program Files\NVIDIA GPU Computing Toolkit\CUDA\v12.3\include\cuda_runtime_api.h(11766): warning C4819: The file contains a character that cannot be represented in the current code page (949). Save the file in Unicode format to prevent data loss
  kernel.cu
  tmpxft_0000442c_00000000-7_kernel.cudafe1.cpp
C:\Program Files\NVIDIA GPU Computing Toolkit\CUDA\v12.3\include\driver_types.h(1325): warning C4819: The file contains a character that cannot be represented in the current code page (949). Save the file in Unicode format to prevent data loss
C:\Program Files\NVIDIA GPU Computing Toolkit\CUDA\v12.3\include\driver_types.h(1325): warning C4819: The file contains a character that cannot be represented in the current code page (949). Save the file in Unicode format to prevent data loss
C:\Program Files\NVIDIA GPU Computing Toolkit\CUDA\v12.3\include\driver_types.h(1325): warning C4819: The file contains a character that cannot be represented in the current code page (949). Save the file in Unicode format to prevent data loss
     Creating library D:\GitHub_Project\koyumi0601.github.io\_posts\Cuda\practice_007_window_visualstudio\CudaRuntime1\x64\Debug\CudaRuntime1.lib and object D:\GitHub_Project\koyumi0601.github.io\_posts\Cuda\practice_007_window_visualstudio\CudaRuntime1\x64\Debug\CudaRuntime1.exp
LINK : warning LNK4098: defaultlib 'LIBCMT' conflicts with use of other libs; use /NODEFAULTLIB:library
  CudaRuntime1.vcxproj -> D:\GitHub_Project\koyumi0601.github.io\_posts\Cuda\practice_007_window_visualstudio\CudaRuntime1\x64\Debug\CudaRuntime1.exe
