Performing C SOURCE FILE Test CMAKE_HAVE_LIBC_PTHREAD failed with the following output:
Change Dir: /home/ko/Documents/GitHub/koyumi0601.github.io/_posts/Cuda/practice_025_cuda_kernel_main_cpp_kernel_cu/build/CMakeFiles/CMakeTmp

Run Build Command(s):/usr/bin/make cmTC_088be/fast && /usr/bin/make -f CMakeFiles/cmTC_088be.dir/build.make CMakeFiles/cmTC_088be.dir/build
make[1]: Entering directory '/home/ko/Documents/GitHub/koyumi0601.github.io/_posts/Cuda/practice_025_cuda_kernel_main_cpp_kernel_cu/build/CMakeFiles/CMakeTmp'
Building C object CMakeFiles/cmTC_088be.dir/src.c.o
/usr/bin/cc   -fPIC -DCMAKE_HAVE_LIBC_PTHREAD   -o CMakeFiles/cmTC_088be.dir/src.c.o   -c /home/ko/Documents/GitHub/koyumi0601.github.io/_posts/Cuda/practice_025_cuda_kernel_main_cpp_kernel_cu/build/CMakeFiles/CMakeTmp/src.c
Linking C executable cmTC_088be
/usr/bin/cmake -E cmake_link_script CMakeFiles/cmTC_088be.dir/link.txt --verbose=1
/usr/bin/cc -fPIC -DCMAKE_HAVE_LIBC_PTHREAD    CMakeFiles/cmTC_088be.dir/src.c.o  -o cmTC_088be 
/usr/bin/ld: CMakeFiles/cmTC_088be.dir/src.c.o: in function `main':
src.c:(.text+0x46): undefined reference to `pthread_create'
/usr/bin/ld: src.c:(.text+0x52): undefined reference to `pthread_detach'
/usr/bin/ld: src.c:(.text+0x63): undefined reference to `pthread_join'
collect2: error: ld returned 1 exit status
make[1]: *** [CMakeFiles/cmTC_088be.dir/build.make:87: cmTC_088be] Error 1
make[1]: Leaving directory '/home/ko/Documents/GitHub/koyumi0601.github.io/_posts/Cuda/practice_025_cuda_kernel_main_cpp_kernel_cu/build/CMakeFiles/CMakeTmp'
make: *** [Makefile:121: cmTC_088be/fast] Error 2


Source file was:
#include <pthread.h>

void* test_func(void* data)
{
  return data;
}

int main(void)
{
  pthread_t thread;
  pthread_create(&thread, NULL, test_func, NULL);
  pthread_detach(thread);
  pthread_join(thread, NULL);
  pthread_atfork(NULL, NULL, NULL);
  pthread_exit(NULL);

  return 0;
}

Determining if the function pthread_create exists in the pthreads failed with the following output:
Change Dir: /home/ko/Documents/GitHub/koyumi0601.github.io/_posts/Cuda/practice_025_cuda_kernel_main_cpp_kernel_cu/build/CMakeFiles/CMakeTmp

Run Build Command(s):/usr/bin/make cmTC_06bab/fast && /usr/bin/make -f CMakeFiles/cmTC_06bab.dir/build.make CMakeFiles/cmTC_06bab.dir/build
make[1]: Entering directory '/home/ko/Documents/GitHub/koyumi0601.github.io/_posts/Cuda/practice_025_cuda_kernel_main_cpp_kernel_cu/build/CMakeFiles/CMakeTmp'
Building C object CMakeFiles/cmTC_06bab.dir/CheckFunctionExists.c.o
/usr/bin/cc   -fPIC -DCHECK_FUNCTION_EXISTS=pthread_create   -o CMakeFiles/cmTC_06bab.dir/CheckFunctionExists.c.o   -c /usr/share/cmake-3.16/Modules/CheckFunctionExists.c
Linking C executable cmTC_06bab
/usr/bin/cmake -E cmake_link_script CMakeFiles/cmTC_06bab.dir/link.txt --verbose=1
/usr/bin/cc -fPIC -DCHECK_FUNCTION_EXISTS=pthread_create    CMakeFiles/cmTC_06bab.dir/CheckFunctionExists.c.o  -o cmTC_06bab  -lpthreads 
/usr/bin/ld: cannot find -lpthreads
collect2: error: ld returned 1 exit status
make[1]: *** [CMakeFiles/cmTC_06bab.dir/build.make:87: cmTC_06bab] Error 1
make[1]: Leaving directory '/home/ko/Documents/GitHub/koyumi0601.github.io/_posts/Cuda/practice_025_cuda_kernel_main_cpp_kernel_cu/build/CMakeFiles/CMakeTmp'
make: *** [Makefile:121: cmTC_06bab/fast] Error 2



