  Compiling CUDA source file kernel.cu...
  
  D:\Github_Blog\koyumi0601.github.io\_posts\Cuda\practice_037_cu_dcmtk_opencv\CudaRuntime1\CudaRuntime1>"C:\Program Files\NVIDIA GPU Computing Toolkit\CUDA\v12.3\bin\nvcc.exe" -gencode=arch=compute_52,code=\"sm_52,compute_52\" --use-local-env -ccbin "C:\Program Files\Microsoft Visual Studio\2022\Professional\VC\Tools\MSVC\14.38.33130\bin\HostX64\x64" -x cu   -I"C:\Program Files\NVIDIA GPU Computing Toolkit\CUDA\v12.3\include" -I"C:\Users\koyum\vcpkg\installed\x64-windows\include" -I"C:\Program Files\NVIDIA GPU Computing Toolkit\CUDA\v12.3\include"  -G   --keep-dir x64\Debug  -maxrregcount=0   --machine 64 --compile -cudart static  -g  -DWIN32 -DWIN64 -D_DEBUG -D_CONSOLE -D_MBCS -Xcompiler "/EHsc /W3 /nologo /Od /FS /Zi /RTC1 /MDd " -Xcompiler "/Fdx64\Debug\vc143.pdb" -o D:\Github_Blog\koyumi0601.github.io\_posts\Cuda\practice_037_cu_dcmtk_opencv\CudaRuntime1\CudaRuntime1\x64\Debug\kernel.cu.obj "D:\Github_Blog\koyumi0601.github.io\_posts\Cuda\practice_037_cu_dcmtk_opencv\CudaRuntime1\CudaRuntime1\kernel.cu" 
D:\Github_Blog\Development_libraries\dcmtk_build\include\dcmtk/oflog/loglevel.h(191): warning #1394-D: field of class type without a DLL interface used in a class with a DLL interface
            LogLevelToStringMethodList toStringMethods;
                                       ^
  
  Remark: The warnings can be suppressed with "-diag-suppress <warning-number>"
  
D:\Github_Blog\Development_libraries\dcmtk_build\include\dcmtk/oflog/loglevel.h(194): warning #1394-D: field of class type without a DLL interface used in a class with a DLL interface
            StringToLogLevelMethodList fromStringMethods;
                                       ^
  
D:\Github_Blog\Development_libraries\dcmtk_build\include\dcmtk/oflog/layout.h(589): warning #1394-D: field of class type without a DLL interface used in a class with a DLL interface
            OFVector<pattern::PatternConverter*> parsedPattern;
                                                 ^
  
D:\Github_Blog\Development_libraries\dcmtk_build\include\dcmtk/oflog/spi/filter.h(137): warning #1394-D: field of class type without a DLL interface used in a class with a DLL interface
                FilterPtr next;
                          ^
  
D:\Github_Blog\Development_libraries\dcmtk_build\include\dcmtk/oflog/appender.h(227): warning #1394-D: field of class type without a DLL interface used in a class with a DLL interface
            OFunique_ptr<Layout> layout;
                                 ^
  
D:\Github_Blog\Development_libraries\dcmtk_build\include\dcmtk/oflog/appender.h(237): warning #1394-D: field of class type without a DLL interface used in a class with a DLL interface
            log4cplus::spi::FilterPtr filter;
                                      ^
  
D:\Github_Blog\Development_libraries\dcmtk_build\include\dcmtk/oflog/appender.h(240): warning #1394-D: field of class type without a DLL interface used in a class with a DLL interface
            OFunique_ptr<ErrorHandler> errorHandler;
                                       ^
  
D:\Github_Blog\Development_libraries\dcmtk_build\include\dcmtk/oflog/appender.h(243): warning #1394-D: field of class type without a DLL interface used in a class with a DLL interface
            OFunique_ptr<helpers::LockFile> lockFile;
                                            ^
  
D:\Github_Blog\Development_libraries\dcmtk_build\include\dcmtk/oflog/helpers/snprintf.h(54): warning #1394-D: field of class type without a DLL interface used in a class with a DLL interface
        OFVector<tchar> buf;
                        ^
  
D:\Github_Blog\Development_libraries\dcmtk_build\include\dcmtk/dcmdata/dchashdi.h(109): warning #1394-D: field of class type without a DLL interface used in a class with a DLL interface
        OFList<DcmDictEntry *> list_;
                               ^
  
D:\Github_Blog\Development_libraries\dcmtk_build\include\dcmtk/dcmdata/dchashdi.h(194): warning #1394-D: field of class type without a DLL interface used in a class with a DLL interface
        DcmDictEntryListIterator iter;
                                 ^
  
D:\Github_Blog\Development_libraries\dcmtk_build\include\dcmtk/dcmdata/dcpcache.h(113): warning #1394-D: field of class type without a DLL interface used in a class with a DLL interface
      OFList<DcmPrivateTagCacheEntry *> list_;
                                        ^
  
D:\Github_Blog\Development_libraries\dcmtk_build\include\dcmtk/dcmdata/dcpixel.h(152): warning #1394-D: field of class type without a DLL interface used in a class with a DLL interface
        DcmRepresentationList repList;
                              ^
  
D:\Github_Blog\Development_libraries\dcmtk_build\include\dcmtk/dcmdata/dcpixel.h(155): warning #1394-D: field of class type without a DLL interface used in a class with a DLL interface
        DcmRepresentationListIterator repListEnd;
                                      ^
  
D:\Github_Blog\Development_libraries\dcmtk_build\include\dcmtk/dcmdata/dcpixel.h(159): warning #1394-D: field of class type without a DLL interface used in a class with a DLL interface
        DcmRepresentationListIterator original;
                                      ^
  
D:\Github_Blog\Development_libraries\dcmtk_build\include\dcmtk/dcmdata/dcpixel.h(162): warning #1394-D: field of class type without a DLL interface used in a class with a DLL interface
        DcmRepresentationListIterator current;
                                      ^
  
D:\Github_Blog\Development_libraries\opencv\build\include\opencv2/stitching/detail/warpers.hpp(235): warning #611-D: overloaded virtual function "cv::detail::PlaneWarper::buildMaps" is only partially overridden in class "cv::detail::AffineWarper"
    class  AffineWarper : public PlaneWarper
           ^
  
D:\Github_Blog\Development_libraries\opencv\build\include\opencv2/stitching/detail/warpers.hpp(235): warning #611-D: overloaded virtual function "cv::detail::PlaneWarper::warp" is only partially overridden in class "cv::detail::AffineWarper"
    class  AffineWarper : public PlaneWarper
           ^
  
D:\Github_Blog\Development_libraries\opencv\build\include\opencv2/stitching/detail/matchers.hpp(182): warning #611-D: overloaded virtual function "cv::detail::FeaturesMatcher::match" is only partially overridden in class "cv::detail::BestOf2NearestMatcher"
    class  BestOf2NearestMatcher : public FeaturesMatcher
           ^
  
D:\Github_Blog\Development_libraries\opencv\build\include\opencv2/stitching/detail/matchers.hpp(236): warning #611-D: overloaded virtual function "cv::detail::FeaturesMatcher::match" is only partially overridden in class "cv::detail::AffineBestOf2NearestMatcher"
    class  AffineBestOf2NearestMatcher : public BestOf2NearestMatcher
           ^
  
D:\Github_Blog\Development_libraries\opencv\build\include\opencv2/stitching/detail/blenders.hpp(100): warning #611-D: overloaded virtual function "cv::detail::Blender::prepare" is only partially overridden in class "cv::detail::FeatherBlender"
    class  FeatherBlender : public Blender
           ^
  
D:\Github_Blog\Development_libraries\opencv\build\include\opencv2/stitching/detail/blenders.hpp(127): warning #611-D: overloaded virtual function "cv::detail::Blender::prepare" is only partially overridden in class "cv::detail::MultiBandBlender"
    class  MultiBandBlender : public Blender
           ^
  
D:\Github_Blog\koyumi0601.github.io\_posts\Cuda\practice_037_cu_dcmtk_opencv\CudaRuntime1\CudaRuntime1\kernel.cu(523): warning #546-D: transfer of control bypasses initialization of:
              variable "threadsPerBlock" (declared at line 807)
              variable "numBlocks" (declared at line 808)
        goto Error;
        ^
  
D:\Github_Blog\koyumi0601.github.io\_posts\Cuda\practice_037_cu_dcmtk_opencv\CudaRuntime1\CudaRuntime1\kernel.cu(530): warning #546-D: transfer of control bypasses initialization of:
              variable "threadsPerBlock" (declared at line 807)
              variable "numBlocks" (declared at line 808)
        goto Error;
        ^
  
D:\Github_Blog\koyumi0601.github.io\_posts\Cuda\practice_037_cu_dcmtk_opencv\CudaRuntime1\CudaRuntime1\kernel.cu(536): warning #546-D: transfer of control bypasses initialization of:
              variable "threadsPerBlock" (declared at line 807)
              variable "numBlocks" (declared at line 808)
        goto Error;
        ^
  
D:\Github_Blog\koyumi0601.github.io\_posts\Cuda\practice_037_cu_dcmtk_opencv\CudaRuntime1\CudaRuntime1\kernel.cu(541): warning #546-D: transfer of control bypasses initialization of:
              variable "threadsPerBlock" (declared at line 807)
              variable "numBlocks" (declared at line 808)
        goto Error;
        ^
  
D:\Github_Blog\koyumi0601.github.io\_posts\Cuda\practice_037_cu_dcmtk_opencv\CudaRuntime1\CudaRuntime1\kernel.cu(546): warning #546-D: transfer of control bypasses initialization of:
              variable "threadsPerBlock" (declared at line 807)
              variable "numBlocks" (declared at line 808)
        goto Error;
        ^
  
D:\Github_Blog\koyumi0601.github.io\_posts\Cuda\practice_037_cu_dcmtk_opencv\CudaRuntime1\CudaRuntime1\kernel.cu(551): warning #546-D: transfer of control bypasses initialization of:
              variable "threadsPerBlock" (declared at line 807)
              variable "numBlocks" (declared at line 808)
        goto Error;
        ^
  
D:\Github_Blog\koyumi0601.github.io\_posts\Cuda\practice_037_cu_dcmtk_opencv\CudaRuntime1\CudaRuntime1\kernel.cu(556): warning #546-D: transfer of control bypasses initialization of:
              variable "threadsPerBlock" (declared at line 807)
              variable "numBlocks" (declared at line 808)
        goto Error;
        ^
  
D:\Github_Blog\koyumi0601.github.io\_posts\Cuda\practice_037_cu_dcmtk_opencv\CudaRuntime1\CudaRuntime1\kernel.cu(561): warning #546-D: transfer of control bypasses initialization of:
              variable "threadsPerBlock" (declared at line 807)
              variable "numBlocks" (declared at line 808)
        goto Error;
        ^
  
D:\Github_Blog\koyumi0601.github.io\_posts\Cuda\practice_037_cu_dcmtk_opencv\CudaRuntime1\CudaRuntime1\kernel.cu(566): warning #546-D: transfer of control bypasses initialization of:
              variable "threadsPerBlock" (declared at line 807)
              variable "numBlocks" (declared at line 808)
        goto Error;
        ^
  
D:\Github_Blog\koyumi0601.github.io\_posts\Cuda\practice_037_cu_dcmtk_opencv\CudaRuntime1\CudaRuntime1\kernel.cu(571): warning #546-D: transfer of control bypasses initialization of:
              variable "threadsPerBlock" (declared at line 807)
              variable "numBlocks" (declared at line 808)
        goto Error;
        ^
  
D:\Github_Blog\koyumi0601.github.io\_posts\Cuda\practice_037_cu_dcmtk_opencv\CudaRuntime1\CudaRuntime1\kernel.cu(576): warning #546-D: transfer of control bypasses initialization of:
              variable "threadsPerBlock" (declared at line 807)
              variable "numBlocks" (declared at line 808)
        goto Error;
        ^
  
D:\Github_Blog\koyumi0601.github.io\_posts\Cuda\practice_037_cu_dcmtk_opencv\CudaRuntime1\CudaRuntime1\kernel.cu(581): warning #546-D: transfer of control bypasses initialization of:
              variable "threadsPerBlock" (declared at line 807)
              variable "numBlocks" (declared at line 808)
        goto Error;
        ^
  
D:\Github_Blog\koyumi0601.github.io\_posts\Cuda\practice_037_cu_dcmtk_opencv\CudaRuntime1\CudaRuntime1\kernel.cu(586): warning #546-D: transfer of control bypasses initialization of:
              variable "threadsPerBlock" (declared at line 807)
              variable "numBlocks" (declared at line 808)
        goto Error;
        ^
  
D:\Github_Blog\koyumi0601.github.io\_posts\Cuda\practice_037_cu_dcmtk_opencv\CudaRuntime1\CudaRuntime1\kernel.cu(591): warning #546-D: transfer of control bypasses initialization of:
              variable "threadsPerBlock" (declared at line 807)
              variable "numBlocks" (declared at line 808)
        goto Error;
        ^
  
D:\Github_Blog\koyumi0601.github.io\_posts\Cuda\practice_037_cu_dcmtk_opencv\CudaRuntime1\CudaRuntime1\kernel.cu(596): warning #546-D: transfer of control bypasses initialization of:
              variable "threadsPerBlock" (declared at line 807)
              variable "numBlocks" (declared at line 808)
        goto Error;
        ^
  
D:\Github_Blog\koyumi0601.github.io\_posts\Cuda\practice_037_cu_dcmtk_opencv\CudaRuntime1\CudaRuntime1\kernel.cu(601): warning #546-D: transfer of control bypasses initialization of:
              variable "threadsPerBlock" (declared at line 807)
              variable "numBlocks" (declared at line 808)
        goto Error;
        ^
  
D:\Github_Blog\koyumi0601.github.io\_posts\Cuda\practice_037_cu_dcmtk_opencv\CudaRuntime1\CudaRuntime1\kernel.cu(606): warning #546-D: transfer of control bypasses initialization of:
              variable "threadsPerBlock" (declared at line 807)
              variable "numBlocks" (declared at line 808)
        goto Error;
        ^
  
D:\Github_Blog\koyumi0601.github.io\_posts\Cuda\practice_037_cu_dcmtk_opencv\CudaRuntime1\CudaRuntime1\kernel.cu(611): warning #546-D: transfer of control bypasses initialization of:
              variable "threadsPerBlock" (declared at line 807)
              variable "numBlocks" (declared at line 808)
        goto Error;
        ^
  
D:\Github_Blog\koyumi0601.github.io\_posts\Cuda\practice_037_cu_dcmtk_opencv\CudaRuntime1\CudaRuntime1\kernel.cu(616): warning #546-D: transfer of control bypasses initialization of:
              variable "threadsPerBlock" (declared at line 807)
              variable "numBlocks" (declared at line 808)
        goto Error;
        ^
  
D:\Github_Blog\koyumi0601.github.io\_posts\Cuda\practice_037_cu_dcmtk_opencv\CudaRuntime1\CudaRuntime1\kernel.cu(621): warning #546-D: transfer of control bypasses initialization of:
              variable "threadsPerBlock" (declared at line 807)
              variable "numBlocks" (declared at line 808)
        goto Error;
        ^
  
D:\Github_Blog\koyumi0601.github.io\_posts\Cuda\practice_037_cu_dcmtk_opencv\CudaRuntime1\CudaRuntime1\kernel.cu(626): warning #546-D: transfer of control bypasses initialization of:
              variable "threadsPerBlock" (declared at line 807)
              variable "numBlocks" (declared at line 808)
        goto Error;
        ^
  
D:\Github_Blog\koyumi0601.github.io\_posts\Cuda\practice_037_cu_dcmtk_opencv\CudaRuntime1\CudaRuntime1\kernel.cu(631): warning #546-D: transfer of control bypasses initialization of:
              variable "threadsPerBlock" (declared at line 807)
              variable "numBlocks" (declared at line 808)
        goto Error;
        ^
  
D:\Github_Blog\koyumi0601.github.io\_posts\Cuda\practice_037_cu_dcmtk_opencv\CudaRuntime1\CudaRuntime1\kernel.cu(636): warning #546-D: transfer of control bypasses initialization of:
              variable "threadsPerBlock" (declared at line 807)
              variable "numBlocks" (declared at line 808)
        goto Error;
        ^
  
D:\Github_Blog\koyumi0601.github.io\_posts\Cuda\practice_037_cu_dcmtk_opencv\CudaRuntime1\CudaRuntime1\kernel.cu(641): warning #546-D: transfer of control bypasses initialization of:
              variable "threadsPerBlock" (declared at line 807)
              variable "numBlocks" (declared at line 808)
        goto Error;
        ^
  
D:\Github_Blog\koyumi0601.github.io\_posts\Cuda\practice_037_cu_dcmtk_opencv\CudaRuntime1\CudaRuntime1\kernel.cu(646): warning #546-D: transfer of control bypasses initialization of:
              variable "threadsPerBlock" (declared at line 807)
              variable "numBlocks" (declared at line 808)
        goto Error;
        ^
  
D:\Github_Blog\koyumi0601.github.io\_posts\Cuda\practice_037_cu_dcmtk_opencv\CudaRuntime1\CudaRuntime1\kernel.cu(651): warning #546-D: transfer of control bypasses initialization of:
              variable "threadsPerBlock" (declared at line 807)
              variable "numBlocks" (declared at line 808)
        goto Error;
        ^
  
D:\Github_Blog\koyumi0601.github.io\_posts\Cuda\practice_037_cu_dcmtk_opencv\CudaRuntime1\CudaRuntime1\kernel.cu(656): warning #546-D: transfer of control bypasses initialization of:
              variable "threadsPerBlock" (declared at line 807)
              variable "numBlocks" (declared at line 808)
        goto Error;
        ^
  
D:\Github_Blog\koyumi0601.github.io\_posts\Cuda\practice_037_cu_dcmtk_opencv\CudaRuntime1\CudaRuntime1\kernel.cu(661): warning #546-D: transfer of control bypasses initialization of:
              variable "threadsPerBlock" (declared at line 807)
              variable "numBlocks" (declared at line 808)
        goto Error;
        ^
  
D:\Github_Blog\koyumi0601.github.io\_posts\Cuda\practice_037_cu_dcmtk_opencv\CudaRuntime1\CudaRuntime1\kernel.cu(666): warning #546-D: transfer of control bypasses initialization of:
              variable "threadsPerBlock" (declared at line 807)
              variable "numBlocks" (declared at line 808)
        goto Error;
        ^
  
D:\Github_Blog\koyumi0601.github.io\_posts\Cuda\practice_037_cu_dcmtk_opencv\CudaRuntime1\CudaRuntime1\kernel.cu(673): warning #546-D: transfer of control bypasses initialization of:
              variable "threadsPerBlock" (declared at line 807)
              variable "numBlocks" (declared at line 808)
        goto Error;
        ^
  
D:\Github_Blog\koyumi0601.github.io\_posts\Cuda\practice_037_cu_dcmtk_opencv\CudaRuntime1\CudaRuntime1\kernel.cu(678): warning #546-D: transfer of control bypasses initialization of:
              variable "threadsPerBlock" (declared at line 807)
              variable "numBlocks" (declared at line 808)
        goto Error;
        ^
  
D:\Github_Blog\koyumi0601.github.io\_posts\Cuda\practice_037_cu_dcmtk_opencv\CudaRuntime1\CudaRuntime1\kernel.cu(683): warning #546-D: transfer of control bypasses initialization of:
              variable "threadsPerBlock" (declared at line 807)
              variable "numBlocks" (declared at line 808)
        goto Error;
        ^
  
D:\Github_Blog\koyumi0601.github.io\_posts\Cuda\practice_037_cu_dcmtk_opencv\CudaRuntime1\CudaRuntime1\kernel.cu(688): warning #546-D: transfer of control bypasses initialization of:
              variable "threadsPerBlock" (declared at line 807)
              variable "numBlocks" (declared at line 808)
        goto Error;
        ^
  
D:\Github_Blog\koyumi0601.github.io\_posts\Cuda\practice_037_cu_dcmtk_opencv\CudaRuntime1\CudaRuntime1\kernel.cu(693): warning #546-D: transfer of control bypasses initialization of:
              variable "threadsPerBlock" (declared at line 807)
              variable "numBlocks" (declared at line 808)
        goto Error;
        ^
  
D:\Github_Blog\koyumi0601.github.io\_posts\Cuda\practice_037_cu_dcmtk_opencv\CudaRuntime1\CudaRuntime1\kernel.cu(698): warning #546-D: transfer of control bypasses initialization of:
              variable "threadsPerBlock" (declared at line 807)
              variable "numBlocks" (declared at line 808)
        goto Error;
        ^
  
D:\Github_Blog\koyumi0601.github.io\_posts\Cuda\practice_037_cu_dcmtk_opencv\CudaRuntime1\CudaRuntime1\kernel.cu(703): warning #546-D: transfer of control bypasses initialization of:
              variable "threadsPerBlock" (declared at line 807)
              variable "numBlocks" (declared at line 808)
        goto Error;
        ^
  
D:\Github_Blog\koyumi0601.github.io\_posts\Cuda\practice_037_cu_dcmtk_opencv\CudaRuntime1\CudaRuntime1\kernel.cu(708): warning #546-D: transfer of control bypasses initialization of:
              variable "threadsPerBlock" (declared at line 807)
              variable "numBlocks" (declared at line 808)
        goto Error;
        ^
  
D:\Github_Blog\koyumi0601.github.io\_posts\Cuda\practice_037_cu_dcmtk_opencv\CudaRuntime1\CudaRuntime1\kernel.cu(713): warning #546-D: transfer of control bypasses initialization of:
              variable "threadsPerBlock" (declared at line 807)
              variable "numBlocks" (declared at line 808)
        goto Error;
        ^
  
D:\Github_Blog\koyumi0601.github.io\_posts\Cuda\practice_037_cu_dcmtk_opencv\CudaRuntime1\CudaRuntime1\kernel.cu(718): warning #546-D: transfer of control bypasses initialization of:
              variable "threadsPerBlock" (declared at line 807)
              variable "numBlocks" (declared at line 808)
        goto Error;
        ^
  
D:\Github_Blog\koyumi0601.github.io\_posts\Cuda\practice_037_cu_dcmtk_opencv\CudaRuntime1\CudaRuntime1\kernel.cu(723): warning #546-D: transfer of control bypasses initialization of:
              variable "threadsPerBlock" (declared at line 807)
              variable "numBlocks" (declared at line 808)
        goto Error;
        ^
  
D:\Github_Blog\koyumi0601.github.io\_posts\Cuda\practice_037_cu_dcmtk_opencv\CudaRuntime1\CudaRuntime1\kernel.cu(728): warning #546-D: transfer of control bypasses initialization of:
              variable "threadsPerBlock" (declared at line 807)
              variable "numBlocks" (declared at line 808)
        goto Error;
        ^
  
D:\Github_Blog\koyumi0601.github.io\_posts\Cuda\practice_037_cu_dcmtk_opencv\CudaRuntime1\CudaRuntime1\kernel.cu(733): warning #546-D: transfer of control bypasses initialization of:
              variable "threadsPerBlock" (declared at line 807)
              variable "numBlocks" (declared at line 808)
        goto Error;
        ^
  
D:\Github_Blog\koyumi0601.github.io\_posts\Cuda\practice_037_cu_dcmtk_opencv\CudaRuntime1\CudaRuntime1\kernel.cu(738): warning #546-D: transfer of control bypasses initialization of:
              variable "threadsPerBlock" (declared at line 807)
              variable "numBlocks" (declared at line 808)
        goto Error;
        ^
  
D:\Github_Blog\koyumi0601.github.io\_posts\Cuda\practice_037_cu_dcmtk_opencv\CudaRuntime1\CudaRuntime1\kernel.cu(743): warning #546-D: transfer of control bypasses initialization of:
              variable "threadsPerBlock" (declared at line 807)
              variable "numBlocks" (declared at line 808)
        goto Error;
        ^
  
D:\Github_Blog\koyumi0601.github.io\_posts\Cuda\practice_037_cu_dcmtk_opencv\CudaRuntime1\CudaRuntime1\kernel.cu(748): warning #546-D: transfer of control bypasses initialization of:
              variable "threadsPerBlock" (declared at line 807)
              variable "numBlocks" (declared at line 808)
        goto Error;
        ^
  
D:\Github_Blog\koyumi0601.github.io\_posts\Cuda\practice_037_cu_dcmtk_opencv\CudaRuntime1\CudaRuntime1\kernel.cu(753): warning #546-D: transfer of control bypasses initialization of:
              variable "threadsPerBlock" (declared at line 807)
              variable "numBlocks" (declared at line 808)
        goto Error;
        ^
  
D:\Github_Blog\koyumi0601.github.io\_posts\Cuda\practice_037_cu_dcmtk_opencv\CudaRuntime1\CudaRuntime1\kernel.cu(758): warning #546-D: transfer of control bypasses initialization of:
              variable "threadsPerBlock" (declared at line 807)
              variable "numBlocks" (declared at line 808)
        goto Error;
        ^
  
D:\Github_Blog\koyumi0601.github.io\_posts\Cuda\practice_037_cu_dcmtk_opencv\CudaRuntime1\CudaRuntime1\kernel.cu(763): warning #546-D: transfer of control bypasses initialization of:
              variable "threadsPerBlock" (declared at line 807)
              variable "numBlocks" (declared at line 808)
        goto Error;
        ^
  
D:\Github_Blog\koyumi0601.github.io\_posts\Cuda\practice_037_cu_dcmtk_opencv\CudaRuntime1\CudaRuntime1\kernel.cu(768): warning #546-D: transfer of control bypasses initialization of:
              variable "threadsPerBlock" (declared at line 807)
              variable "numBlocks" (declared at line 808)
        goto Error;
        ^
  
D:\Github_Blog\koyumi0601.github.io\_posts\Cuda\practice_037_cu_dcmtk_opencv\CudaRuntime1\CudaRuntime1\kernel.cu(773): warning #546-D: transfer of control bypasses initialization of:
              variable "threadsPerBlock" (declared at line 807)
              variable "numBlocks" (declared at line 808)
        goto Error;
        ^
  
D:\Github_Blog\koyumi0601.github.io\_posts\Cuda\practice_037_cu_dcmtk_opencv\CudaRuntime1\CudaRuntime1\kernel.cu(778): warning #546-D: transfer of control bypasses initialization of:
              variable "threadsPerBlock" (declared at line 807)
              variable "numBlocks" (declared at line 808)
        goto Error;
        ^
  
D:\Github_Blog\koyumi0601.github.io\_posts\Cuda\practice_037_cu_dcmtk_opencv\CudaRuntime1\CudaRuntime1\kernel.cu(783): warning #546-D: transfer of control bypasses initialization of:
              variable "threadsPerBlock" (declared at line 807)
              variable "numBlocks" (declared at line 808)
        goto Error;
        ^
  
D:\Github_Blog\koyumi0601.github.io\_posts\Cuda\practice_037_cu_dcmtk_opencv\CudaRuntime1\CudaRuntime1\kernel.cu(788): warning #546-D: transfer of control bypasses initialization of:
              variable "threadsPerBlock" (declared at line 807)
              variable "numBlocks" (declared at line 808)
        goto Error;
        ^
  
D:\Github_Blog\koyumi0601.github.io\_posts\Cuda\practice_037_cu_dcmtk_opencv\CudaRuntime1\CudaRuntime1\kernel.cu(793): warning #546-D: transfer of control bypasses initialization of:
              variable "threadsPerBlock" (declared at line 807)
              variable "numBlocks" (declared at line 808)
        goto Error;
        ^
  
D:\Github_Blog\koyumi0601.github.io\_posts\Cuda\practice_037_cu_dcmtk_opencv\CudaRuntime1\CudaRuntime1\kernel.cu(798): warning #546-D: transfer of control bypasses initialization of:
              variable "threadsPerBlock" (declared at line 807)
              variable "numBlocks" (declared at line 808)
        goto Error;
        ^
  
D:\Github_Blog\koyumi0601.github.io\_posts\Cuda\practice_037_cu_dcmtk_opencv\CudaRuntime1\CudaRuntime1\kernel.cu(803): warning #546-D: transfer of control bypasses initialization of:
              variable "threadsPerBlock" (declared at line 807)
              variable "numBlocks" (declared at line 808)
        goto Error;
        ^
  
D:\Github_Blog\Development_libraries\dcmtk_build\include\dcmtk/oflog/loglevel.h(191): warning #1394-D: field of class type without a DLL interface used in a class with a DLL interface
            LogLevelToStringMethodList toStringMethods;
                                       ^
  
  Remark: The warnings can be suppressed with "-diag-suppress <warning-number>"
  
D:\Github_Blog\Development_libraries\dcmtk_build\include\dcmtk/oflog/loglevel.h(194): warning #1394-D: field of class type without a DLL interface used in a class with a DLL interface
            StringToLogLevelMethodList fromStringMethods;
                                       ^
  
D:\Github_Blog\Development_libraries\dcmtk_build\include\dcmtk/oflog/layout.h(589): warning #1394-D: field of class type without a DLL interface used in a class with a DLL interface
            OFVector<pattern::PatternConverter*> parsedPattern;
                                                 ^
  
D:\Github_Blog\Development_libraries\dcmtk_build\include\dcmtk/oflog/spi/filter.h(137): warning #1394-D: field of class type without a DLL interface used in a class with a DLL interface
                FilterPtr next;
                          ^
  
D:\Github_Blog\Development_libraries\dcmtk_build\include\dcmtk/oflog/appender.h(227): warning #1394-D: field of class type without a DLL interface used in a class with a DLL interface
            OFunique_ptr<Layout> layout;
                                 ^
  
D:\Github_Blog\Development_libraries\dcmtk_build\include\dcmtk/oflog/appender.h(237): warning #1394-D: field of class type without a DLL interface used in a class with a DLL interface
            log4cplus::spi::FilterPtr filter;
                                      ^
  
D:\Github_Blog\Development_libraries\dcmtk_build\include\dcmtk/oflog/appender.h(240): warning #1394-D: field of class type without a DLL interface used in a class with a DLL interface
            OFunique_ptr<ErrorHandler> errorHandler;
                                       ^
  
D:\Github_Blog\Development_libraries\dcmtk_build\include\dcmtk/oflog/appender.h(243): warning #1394-D: field of class type without a DLL interface used in a class with a DLL interface
            OFunique_ptr<helpers::LockFile> lockFile;
                                            ^
  
D:\Github_Blog\Development_libraries\dcmtk_build\include\dcmtk/oflog/helpers/snprintf.h(54): warning #1394-D: field of class type without a DLL interface used in a class with a DLL interface
        OFVector<tchar> buf;
                        ^
  
D:\Github_Blog\Development_libraries\dcmtk_build\include\dcmtk/dcmdata/dchashdi.h(109): warning #1394-D: field of class type without a DLL interface used in a class with a DLL interface
        OFList<DcmDictEntry *> list_;
                               ^
  
D:\Github_Blog\Development_libraries\dcmtk_build\include\dcmtk/dcmdata/dchashdi.h(194): warning #1394-D: field of class type without a DLL interface used in a class with a DLL interface
        DcmDictEntryListIterator iter;
                                 ^
  
D:\Github_Blog\Development_libraries\dcmtk_build\include\dcmtk/dcmdata/dcpcache.h(113): warning #1394-D: field of class type without a DLL interface used in a class with a DLL interface
      OFList<DcmPrivateTagCacheEntry *> list_;
                                        ^
  
D:\Github_Blog\Development_libraries\dcmtk_build\include\dcmtk/dcmdata/dcpixel.h(152): warning #1394-D: field of class type without a DLL interface used in a class with a DLL interface
        DcmRepresentationList repList;
                              ^
  
D:\Github_Blog\Development_libraries\dcmtk_build\include\dcmtk/dcmdata/dcpixel.h(155): warning #1394-D: field of class type without a DLL interface used in a class with a DLL interface
        DcmRepresentationListIterator repListEnd;
                                      ^
  
D:\Github_Blog\Development_libraries\dcmtk_build\include\dcmtk/dcmdata/dcpixel.h(159): warning #1394-D: field of class type without a DLL interface used in a class with a DLL interface
        DcmRepresentationListIterator original;
                                      ^
  
D:\Github_Blog\Development_libraries\dcmtk_build\include\dcmtk/dcmdata/dcpixel.h(162): warning #1394-D: field of class type without a DLL interface used in a class with a DLL interface
        DcmRepresentationListIterator current;
                                      ^
  
D:\Github_Blog\Development_libraries\opencv\build\include\opencv2/stitching/detail/warpers.hpp(235): warning #611-D: overloaded virtual function "cv::detail::PlaneWarper::buildMaps" is only partially overridden in class "cv::detail::AffineWarper"
    class  AffineWarper : public PlaneWarper
           ^
  
D:\Github_Blog\Development_libraries\opencv\build\include\opencv2/stitching/detail/warpers.hpp(235): warning #611-D: overloaded virtual function "cv::detail::PlaneWarper::warp" is only partially overridden in class "cv::detail::AffineWarper"
    class  AffineWarper : public PlaneWarper
           ^
  
D:\Github_Blog\Development_libraries\opencv\build\include\opencv2/stitching/detail/matchers.hpp(182): warning #611-D: overloaded virtual function "cv::detail::FeaturesMatcher::match" is only partially overridden in class "cv::detail::BestOf2NearestMatcher"
    class  BestOf2NearestMatcher : public FeaturesMatcher
           ^
  
D:\Github_Blog\Development_libraries\opencv\build\include\opencv2/stitching/detail/matchers.hpp(236): warning #611-D: overloaded virtual function "cv::detail::FeaturesMatcher::match" is only partially overridden in class "cv::detail::AffineBestOf2NearestMatcher"
    class  AffineBestOf2NearestMatcher : public BestOf2NearestMatcher
           ^
  
D:\Github_Blog\Development_libraries\opencv\build\include\opencv2/stitching/detail/blenders.hpp(100): warning #611-D: overloaded virtual function "cv::detail::Blender::prepare" is only partially overridden in class "cv::detail::FeatherBlender"
    class  FeatherBlender : public Blender
           ^
  
D:\Github_Blog\Development_libraries\opencv\build\include\opencv2/stitching/detail/blenders.hpp(127): warning #611-D: overloaded virtual function "cv::detail::Blender::prepare" is only partially overridden in class "cv::detail::MultiBandBlender"
    class  MultiBandBlender : public Blender
           ^
  
D:\Github_Blog\koyumi0601.github.io\_posts\Cuda\practice_037_cu_dcmtk_opencv\CudaRuntime1\CudaRuntime1\kernel.cu(523): warning #546-D: transfer of control bypasses initialization of:
              variable "threadsPerBlock" (declared at line 807)
              variable "numBlocks" (declared at line 808)
        goto Error;
        ^
  
D:\Github_Blog\koyumi0601.github.io\_posts\Cuda\practice_037_cu_dcmtk_opencv\CudaRuntime1\CudaRuntime1\kernel.cu(530): warning #546-D: transfer of control bypasses initialization of:
              variable "threadsPerBlock" (declared at line 807)
              variable "numBlocks" (declared at line 808)
        goto Error;
        ^
  
D:\Github_Blog\koyumi0601.github.io\_posts\Cuda\practice_037_cu_dcmtk_opencv\CudaRuntime1\CudaRuntime1\kernel.cu(536): warning #546-D: transfer of control bypasses initialization of:
              variable "threadsPerBlock" (declared at line 807)
              variable "numBlocks" (declared at line 808)
        goto Error;
        ^
  
D:\Github_Blog\koyumi0601.github.io\_posts\Cuda\practice_037_cu_dcmtk_opencv\CudaRuntime1\CudaRuntime1\kernel.cu(541): warning #546-D: transfer of control bypasses initialization of:
              variable "threadsPerBlock" (declared at line 807)
              variable "numBlocks" (declared at line 808)
        goto Error;
        ^
  
D:\Github_Blog\koyumi0601.github.io\_posts\Cuda\practice_037_cu_dcmtk_opencv\CudaRuntime1\CudaRuntime1\kernel.cu(546): warning #546-D: transfer of control bypasses initialization of:
              variable "threadsPerBlock" (declared at line 807)
              variable "numBlocks" (declared at line 808)
        goto Error;
        ^
  
D:\Github_Blog\koyumi0601.github.io\_posts\Cuda\practice_037_cu_dcmtk_opencv\CudaRuntime1\CudaRuntime1\kernel.cu(551): warning #546-D: transfer of control bypasses initialization of:
              variable "threadsPerBlock" (declared at line 807)
              variable "numBlocks" (declared at line 808)
        goto Error;
        ^
  
D:\Github_Blog\koyumi0601.github.io\_posts\Cuda\practice_037_cu_dcmtk_opencv\CudaRuntime1\CudaRuntime1\kernel.cu(556): warning #546-D: transfer of control bypasses initialization of:
              variable "threadsPerBlock" (declared at line 807)
              variable "numBlocks" (declared at line 808)
        goto Error;
        ^
  
D:\Github_Blog\koyumi0601.github.io\_posts\Cuda\practice_037_cu_dcmtk_opencv\CudaRuntime1\CudaRuntime1\kernel.cu(561): warning #546-D: transfer of control bypasses initialization of:
              variable "threadsPerBlock" (declared at line 807)
              variable "numBlocks" (declared at line 808)
        goto Error;
        ^
  
D:\Github_Blog\koyumi0601.github.io\_posts\Cuda\practice_037_cu_dcmtk_opencv\CudaRuntime1\CudaRuntime1\kernel.cu(566): warning #546-D: transfer of control bypasses initialization of:
              variable "threadsPerBlock" (declared at line 807)
              variable "numBlocks" (declared at line 808)
        goto Error;
        ^
  
D:\Github_Blog\koyumi0601.github.io\_posts\Cuda\practice_037_cu_dcmtk_opencv\CudaRuntime1\CudaRuntime1\kernel.cu(571): warning #546-D: transfer of control bypasses initialization of:
              variable "threadsPerBlock" (declared at line 807)
              variable "numBlocks" (declared at line 808)
        goto Error;
        ^
  
D:\Github_Blog\koyumi0601.github.io\_posts\Cuda\practice_037_cu_dcmtk_opencv\CudaRuntime1\CudaRuntime1\kernel.cu(576): warning #546-D: transfer of control bypasses initialization of:
              variable "threadsPerBlock" (declared at line 807)
              variable "numBlocks" (declared at line 808)
        goto Error;
        ^
  
D:\Github_Blog\koyumi0601.github.io\_posts\Cuda\practice_037_cu_dcmtk_opencv\CudaRuntime1\CudaRuntime1\kernel.cu(581): warning #546-D: transfer of control bypasses initialization of:
              variable "threadsPerBlock" (declared at line 807)
              variable "numBlocks" (declared at line 808)
        goto Error;
        ^
  
D:\Github_Blog\koyumi0601.github.io\_posts\Cuda\practice_037_cu_dcmtk_opencv\CudaRuntime1\CudaRuntime1\kernel.cu(586): warning #546-D: transfer of control bypasses initialization of:
              variable "threadsPerBlock" (declared at line 807)
              variable "numBlocks" (declared at line 808)
        goto Error;
        ^
  
D:\Github_Blog\koyumi0601.github.io\_posts\Cuda\practice_037_cu_dcmtk_opencv\CudaRuntime1\CudaRuntime1\kernel.cu(591): warning #546-D: transfer of control bypasses initialization of:
              variable "threadsPerBlock" (declared at line 807)
              variable "numBlocks" (declared at line 808)
        goto Error;
        ^
  
D:\Github_Blog\koyumi0601.github.io\_posts\Cuda\practice_037_cu_dcmtk_opencv\CudaRuntime1\CudaRuntime1\kernel.cu(596): warning #546-D: transfer of control bypasses initialization of:
              variable "threadsPerBlock" (declared at line 807)
              variable "numBlocks" (declared at line 808)
        goto Error;
        ^
  
D:\Github_Blog\koyumi0601.github.io\_posts\Cuda\practice_037_cu_dcmtk_opencv\CudaRuntime1\CudaRuntime1\kernel.cu(601): warning #546-D: transfer of control bypasses initialization of:
              variable "threadsPerBlock" (declared at line 807)
              variable "numBlocks" (declared at line 808)
        goto Error;
        ^
  
D:\Github_Blog\koyumi0601.github.io\_posts\Cuda\practice_037_cu_dcmtk_opencv\CudaRuntime1\CudaRuntime1\kernel.cu(606): warning #546-D: transfer of control bypasses initialization of:
              variable "threadsPerBlock" (declared at line 807)
              variable "numBlocks" (declared at line 808)
        goto Error;
        ^
  
D:\Github_Blog\koyumi0601.github.io\_posts\Cuda\practice_037_cu_dcmtk_opencv\CudaRuntime1\CudaRuntime1\kernel.cu(611): warning #546-D: transfer of control bypasses initialization of:
              variable "threadsPerBlock" (declared at line 807)
              variable "numBlocks" (declared at line 808)
        goto Error;
        ^
  
D:\Github_Blog\koyumi0601.github.io\_posts\Cuda\practice_037_cu_dcmtk_opencv\CudaRuntime1\CudaRuntime1\kernel.cu(616): warning #546-D: transfer of control bypasses initialization of:
              variable "threadsPerBlock" (declared at line 807)
              variable "numBlocks" (declared at line 808)
        goto Error;
        ^
  
D:\Github_Blog\koyumi0601.github.io\_posts\Cuda\practice_037_cu_dcmtk_opencv\CudaRuntime1\CudaRuntime1\kernel.cu(621): warning #546-D: transfer of control bypasses initialization of:
              variable "threadsPerBlock" (declared at line 807)
              variable "numBlocks" (declared at line 808)
        goto Error;
        ^
  
D:\Github_Blog\koyumi0601.github.io\_posts\Cuda\practice_037_cu_dcmtk_opencv\CudaRuntime1\CudaRuntime1\kernel.cu(626): warning #546-D: transfer of control bypasses initialization of:
              variable "threadsPerBlock" (declared at line 807)
              variable "numBlocks" (declared at line 808)
        goto Error;
        ^
  
D:\Github_Blog\koyumi0601.github.io\_posts\Cuda\practice_037_cu_dcmtk_opencv\CudaRuntime1\CudaRuntime1\kernel.cu(631): warning #546-D: transfer of control bypasses initialization of:
              variable "threadsPerBlock" (declared at line 807)
              variable "numBlocks" (declared at line 808)
        goto Error;
        ^
  
D:\Github_Blog\koyumi0601.github.io\_posts\Cuda\practice_037_cu_dcmtk_opencv\CudaRuntime1\CudaRuntime1\kernel.cu(636): warning #546-D: transfer of control bypasses initialization of:
              variable "threadsPerBlock" (declared at line 807)
              variable "numBlocks" (declared at line 808)
        goto Error;
        ^
  
D:\Github_Blog\koyumi0601.github.io\_posts\Cuda\practice_037_cu_dcmtk_opencv\CudaRuntime1\CudaRuntime1\kernel.cu(641): warning #546-D: transfer of control bypasses initialization of:
              variable "threadsPerBlock" (declared at line 807)
              variable "numBlocks" (declared at line 808)
        goto Error;
        ^
  
D:\Github_Blog\koyumi0601.github.io\_posts\Cuda\practice_037_cu_dcmtk_opencv\CudaRuntime1\CudaRuntime1\kernel.cu(646): warning #546-D: transfer of control bypasses initialization of:
              variable "threadsPerBlock" (declared at line 807)
              variable "numBlocks" (declared at line 808)
        goto Error;
        ^
  
D:\Github_Blog\koyumi0601.github.io\_posts\Cuda\practice_037_cu_dcmtk_opencv\CudaRuntime1\CudaRuntime1\kernel.cu(651): warning #546-D: transfer of control bypasses initialization of:
              variable "threadsPerBlock" (declared at line 807)
              variable "numBlocks" (declared at line 808)
        goto Error;
        ^
  
D:\Github_Blog\koyumi0601.github.io\_posts\Cuda\practice_037_cu_dcmtk_opencv\CudaRuntime1\CudaRuntime1\kernel.cu(656): warning #546-D: transfer of control bypasses initialization of:
              variable "threadsPerBlock" (declared at line 807)
              variable "numBlocks" (declared at line 808)
        goto Error;
        ^
  
D:\Github_Blog\koyumi0601.github.io\_posts\Cuda\practice_037_cu_dcmtk_opencv\CudaRuntime1\CudaRuntime1\kernel.cu(661): warning #546-D: transfer of control bypasses initialization of:
              variable "threadsPerBlock" (declared at line 807)
              variable "numBlocks" (declared at line 808)
        goto Error;
        ^
  
D:\Github_Blog\koyumi0601.github.io\_posts\Cuda\practice_037_cu_dcmtk_opencv\CudaRuntime1\CudaRuntime1\kernel.cu(666): warning #546-D: transfer of control bypasses initialization of:
              variable "threadsPerBlock" (declared at line 807)
              variable "numBlocks" (declared at line 808)
        goto Error;
        ^
  
D:\Github_Blog\koyumi0601.github.io\_posts\Cuda\practice_037_cu_dcmtk_opencv\CudaRuntime1\CudaRuntime1\kernel.cu(673): warning #546-D: transfer of control bypasses initialization of:
              variable "threadsPerBlock" (declared at line 807)
              variable "numBlocks" (declared at line 808)
        goto Error;
        ^
  
D:\Github_Blog\koyumi0601.github.io\_posts\Cuda\practice_037_cu_dcmtk_opencv\CudaRuntime1\CudaRuntime1\kernel.cu(678): warning #546-D: transfer of control bypasses initialization of:
              variable "threadsPerBlock" (declared at line 807)
              variable "numBlocks" (declared at line 808)
        goto Error;
        ^
  
D:\Github_Blog\koyumi0601.github.io\_posts\Cuda\practice_037_cu_dcmtk_opencv\CudaRuntime1\CudaRuntime1\kernel.cu(683): warning #546-D: transfer of control bypasses initialization of:
              variable "threadsPerBlock" (declared at line 807)
              variable "numBlocks" (declared at line 808)
        goto Error;
        ^
  
D:\Github_Blog\koyumi0601.github.io\_posts\Cuda\practice_037_cu_dcmtk_opencv\CudaRuntime1\CudaRuntime1\kernel.cu(688): warning #546-D: transfer of control bypasses initialization of:
              variable "threadsPerBlock" (declared at line 807)
              variable "numBlocks" (declared at line 808)
        goto Error;
        ^
  
D:\Github_Blog\koyumi0601.github.io\_posts\Cuda\practice_037_cu_dcmtk_opencv\CudaRuntime1\CudaRuntime1\kernel.cu(693): warning #546-D: transfer of control bypasses initialization of:
              variable "threadsPerBlock" (declared at line 807)
              variable "numBlocks" (declared at line 808)
        goto Error;
        ^
  
D:\Github_Blog\koyumi0601.github.io\_posts\Cuda\practice_037_cu_dcmtk_opencv\CudaRuntime1\CudaRuntime1\kernel.cu(698): warning #546-D: transfer of control bypasses initialization of:
              variable "threadsPerBlock" (declared at line 807)
              variable "numBlocks" (declared at line 808)
        goto Error;
        ^
  
D:\Github_Blog\koyumi0601.github.io\_posts\Cuda\practice_037_cu_dcmtk_opencv\CudaRuntime1\CudaRuntime1\kernel.cu(703): warning #546-D: transfer of control bypasses initialization of:
              variable "threadsPerBlock" (declared at line 807)
              variable "numBlocks" (declared at line 808)
        goto Error;
        ^
  
D:\Github_Blog\koyumi0601.github.io\_posts\Cuda\practice_037_cu_dcmtk_opencv\CudaRuntime1\CudaRuntime1\kernel.cu(708): warning #546-D: transfer of control bypasses initialization of:
              variable "threadsPerBlock" (declared at line 807)
              variable "numBlocks" (declared at line 808)
        goto Error;
        ^
  
D:\Github_Blog\koyumi0601.github.io\_posts\Cuda\practice_037_cu_dcmtk_opencv\CudaRuntime1\CudaRuntime1\kernel.cu(713): warning #546-D: transfer of control bypasses initialization of:
              variable "threadsPerBlock" (declared at line 807)
              variable "numBlocks" (declared at line 808)
        goto Error;
        ^
  
D:\Github_Blog\koyumi0601.github.io\_posts\Cuda\practice_037_cu_dcmtk_opencv\CudaRuntime1\CudaRuntime1\kernel.cu(718): warning #546-D: transfer of control bypasses initialization of:
              variable "threadsPerBlock" (declared at line 807)
              variable "numBlocks" (declared at line 808)
        goto Error;
        ^
  
D:\Github_Blog\koyumi0601.github.io\_posts\Cuda\practice_037_cu_dcmtk_opencv\CudaRuntime1\CudaRuntime1\kernel.cu(723): warning #546-D: transfer of control bypasses initialization of:
              variable "threadsPerBlock" (declared at line 807)
              variable "numBlocks" (declared at line 808)
        goto Error;
        ^
  
D:\Github_Blog\koyumi0601.github.io\_posts\Cuda\practice_037_cu_dcmtk_opencv\CudaRuntime1\CudaRuntime1\kernel.cu(728): warning #546-D: transfer of control bypasses initialization of:
              variable "threadsPerBlock" (declared at line 807)
              variable "numBlocks" (declared at line 808)
        goto Error;
        ^
  
D:\Github_Blog\koyumi0601.github.io\_posts\Cuda\practice_037_cu_dcmtk_opencv\CudaRuntime1\CudaRuntime1\kernel.cu(733): warning #546-D: transfer of control bypasses initialization of:
              variable "threadsPerBlock" (declared at line 807)
              variable "numBlocks" (declared at line 808)
        goto Error;
        ^
  
D:\Github_Blog\koyumi0601.github.io\_posts\Cuda\practice_037_cu_dcmtk_opencv\CudaRuntime1\CudaRuntime1\kernel.cu(738): warning #546-D: transfer of control bypasses initialization of:
              variable "threadsPerBlock" (declared at line 807)
              variable "numBlocks" (declared at line 808)
        goto Error;
        ^
  
D:\Github_Blog\koyumi0601.github.io\_posts\Cuda\practice_037_cu_dcmtk_opencv\CudaRuntime1\CudaRuntime1\kernel.cu(743): warning #546-D: transfer of control bypasses initialization of:
              variable "threadsPerBlock" (declared at line 807)
              variable "numBlocks" (declared at line 808)
        goto Error;
        ^
  
D:\Github_Blog\koyumi0601.github.io\_posts\Cuda\practice_037_cu_dcmtk_opencv\CudaRuntime1\CudaRuntime1\kernel.cu(748): warning #546-D: transfer of control bypasses initialization of:
              variable "threadsPerBlock" (declared at line 807)
              variable "numBlocks" (declared at line 808)
        goto Error;
        ^
  
D:\Github_Blog\koyumi0601.github.io\_posts\Cuda\practice_037_cu_dcmtk_opencv\CudaRuntime1\CudaRuntime1\kernel.cu(753): warning #546-D: transfer of control bypasses initialization of:
              variable "threadsPerBlock" (declared at line 807)
              variable "numBlocks" (declared at line 808)
        goto Error;
        ^
  
D:\Github_Blog\koyumi0601.github.io\_posts\Cuda\practice_037_cu_dcmtk_opencv\CudaRuntime1\CudaRuntime1\kernel.cu(758): warning #546-D: transfer of control bypasses initialization of:
              variable "threadsPerBlock" (declared at line 807)
              variable "numBlocks" (declared at line 808)
        goto Error;
        ^
  
D:\Github_Blog\koyumi0601.github.io\_posts\Cuda\practice_037_cu_dcmtk_opencv\CudaRuntime1\CudaRuntime1\kernel.cu(763): warning #546-D: transfer of control bypasses initialization of:
              variable "threadsPerBlock" (declared at line 807)
              variable "numBlocks" (declared at line 808)
        goto Error;
        ^
  
D:\Github_Blog\koyumi0601.github.io\_posts\Cuda\practice_037_cu_dcmtk_opencv\CudaRuntime1\CudaRuntime1\kernel.cu(768): warning #546-D: transfer of control bypasses initialization of:
              variable "threadsPerBlock" (declared at line 807)
              variable "numBlocks" (declared at line 808)
        goto Error;
        ^
  
D:\Github_Blog\koyumi0601.github.io\_posts\Cuda\practice_037_cu_dcmtk_opencv\CudaRuntime1\CudaRuntime1\kernel.cu(773): warning #546-D: transfer of control bypasses initialization of:
              variable "threadsPerBlock" (declared at line 807)
              variable "numBlocks" (declared at line 808)
        goto Error;
        ^
  
D:\Github_Blog\koyumi0601.github.io\_posts\Cuda\practice_037_cu_dcmtk_opencv\CudaRuntime1\CudaRuntime1\kernel.cu(778): warning #546-D: transfer of control bypasses initialization of:
              variable "threadsPerBlock" (declared at line 807)
              variable "numBlocks" (declared at line 808)
        goto Error;
        ^
  
D:\Github_Blog\koyumi0601.github.io\_posts\Cuda\practice_037_cu_dcmtk_opencv\CudaRuntime1\CudaRuntime1\kernel.cu(783): warning #546-D: transfer of control bypasses initialization of:
              variable "threadsPerBlock" (declared at line 807)
              variable "numBlocks" (declared at line 808)
        goto Error;
        ^
  
D:\Github_Blog\koyumi0601.github.io\_posts\Cuda\practice_037_cu_dcmtk_opencv\CudaRuntime1\CudaRuntime1\kernel.cu(788): warning #546-D: transfer of control bypasses initialization of:
              variable "threadsPerBlock" (declared at line 807)
              variable "numBlocks" (declared at line 808)
        goto Error;
        ^
  
D:\Github_Blog\koyumi0601.github.io\_posts\Cuda\practice_037_cu_dcmtk_opencv\CudaRuntime1\CudaRuntime1\kernel.cu(793): warning #546-D: transfer of control bypasses initialization of:
              variable "threadsPerBlock" (declared at line 807)
              variable "numBlocks" (declared at line 808)
        goto Error;
        ^
  
D:\Github_Blog\koyumi0601.github.io\_posts\Cuda\practice_037_cu_dcmtk_opencv\CudaRuntime1\CudaRuntime1\kernel.cu(798): warning #546-D: transfer of control bypasses initialization of:
              variable "threadsPerBlock" (declared at line 807)
              variable "numBlocks" (declared at line 808)
        goto Error;
        ^
  
D:\Github_Blog\koyumi0601.github.io\_posts\Cuda\practice_037_cu_dcmtk_opencv\CudaRuntime1\CudaRuntime1\kernel.cu(803): warning #546-D: transfer of control bypasses initialization of:
              variable "threadsPerBlock" (declared at line 807)
              variable "numBlocks" (declared at line 808)
        goto Error;
        ^
  
  kernel.cu
  tmpxft_0000086c_00000000-7_kernel.cudafe1.cpp
D:\Github_Blog\koyumi0601.github.io\_posts\Cuda\practice_037_cu_dcmtk_opencv\CudaRuntime1\CudaRuntime1\kernel.cu(229): warning C4244: 'initializing': conversion from 'Float64' to 'float', possible loss of data
D:\Github_Blog\koyumi0601.github.io\_posts\Cuda\practice_037_cu_dcmtk_opencv\CudaRuntime1\CudaRuntime1\kernel.cu(230): warning C4244: 'initializing': conversion from 'Float64' to 'float', possible loss of data
D:\Github_Blog\koyumi0601.github.io\_posts\Cuda\practice_037_cu_dcmtk_opencv\CudaRuntime1\CudaRuntime1\kernel.cu(808): warning C4267: 'argument': conversion from 'size_t' to 'unsigned int', possible loss of data
D:\Github_Blog\koyumi0601.github.io\_posts\Cuda\practice_037_cu_dcmtk_opencv\CudaRuntime1\CudaRuntime1\kernel.cu(808): warning C4533: initialization of 'numBlocks' is skipped by 'goto Error'
  D:\Github_Blog\koyumi0601.github.io\_posts\Cuda\practice_037_cu_dcmtk_opencv\CudaRuntime1\CudaRuntime1\kernel.cu(808): note: see declaration of 'numBlocks'
  D:\Github_Blog\koyumi0601.github.io\_posts\Cuda\practice_037_cu_dcmtk_opencv\CudaRuntime1\CudaRuntime1\kernel.cu(861): note: see declaration of 'Error'
D:\Github_Blog\koyumi0601.github.io\_posts\Cuda\practice_037_cu_dcmtk_opencv\CudaRuntime1\CudaRuntime1\kernel.cu(807): warning C4533: initialization of 'threadsPerBlock' is skipped by 'goto Error'
  D:\Github_Blog\koyumi0601.github.io\_posts\Cuda\practice_037_cu_dcmtk_opencv\CudaRuntime1\CudaRuntime1\kernel.cu(807): note: see declaration of 'threadsPerBlock'
  D:\Github_Blog\koyumi0601.github.io\_posts\Cuda\practice_037_cu_dcmtk_opencv\CudaRuntime1\CudaRuntime1\kernel.cu(861): note: see declaration of 'Error'
  CudaRuntime1.vcxproj -> D:\Github_Blog\koyumi0601.github.io\_posts\Cuda\practice_037_cu_dcmtk_opencv\CudaRuntime1\x64\Debug\CudaRuntime1.exe
  'pwsh.exe' is not recognized as an internal or external command,
  operable program or batch file.
